2022/06/06 09:22:05 main.go:16: test
2022/06/06 21:23:41 users.go:32: sql: converting argument $1 type: unsupported type func() uuid.UUID, a func
2022/06/06 21:23:57 users.go:32: table users has no column named email
2022/06/06 21:27:50 users.go:32: table users has no column named email
2022/06/06 22:32:56 todos.go:23: NOT NULL constraint failed: todos.uuid
2022/06/06 22:34:58 todos.go:23: NOT NULL constraint failed: todos.uuid
2022/06/06 22:36:18 todos.go:23: NOT NULL constraint failed: todos.uuid
2022/06/06 22:38:40 todos.go:23: NOT NULL constraint failed: todos.uuid
2022/06/06 22:39:25 todos.go:23: NOT NULL constraint failed: todos.uuid
2022/06/06 22:40:07 todos.go:23: NOT NULL constraint failed: todos.uuid
2022/06/06 22:55:07 todos.go:37: no such column: created_at
2022/06/07 23:49:46 todos.go:45: near "seletc": syntax error
2022/06/07 23:50:05 todos.go:45: no such column: created_at
2022/06/08 23:57:00 todos.go:67: near "from": syntax error
2022/06/09 11:03:09 server.go:3197: http: panic serving [::1]:52363: runtime error: invalid memory address or nil pointer dereference
goroutine 20 [running]:
net/http.(*conn).serve.func1()
	C:/Users/toyam/go/src/net/http/server.go:1825 +0xbf
panic({0x7ff7b0eb02a0, 0x7ff7b0e60e90})
	C:/Users/toyam/go/src/runtime/panic.go:844 +0x258
html/template.(*Template).escape(0x0)
	C:/Users/toyam/go/src/html/template/template.go:97 +0x34
html/template.(*Template).Execute(0x0, {0x7ff7b0f9b0e0, 0xc00019e000}, {0x0, 0x0})
	C:/Users/toyam/go/src/html/template/template.go:121 +0x32
ToDo_app/app/controllers.top({0x7ff7b0f9d010?, 0xc00019e000}, 0x0?)
	C:/Users/toyam/go/src/ToDo_app/app/controllers/route_main.go:10 +0x89
net/http.HandlerFunc.ServeHTTP(0x25ce82fa7a8?, {0x7ff7b0f9d010?, 0xc00019e000?}, 0x7ff7b0a2e825?)
	C:/Users/toyam/go/src/net/http/server.go:2084 +0x2f
net/http.(*ServeMux).ServeHTTP(0x0?, {0x7ff7b0f9d010, 0xc00019e000}, 0xc000114100)
	C:/Users/toyam/go/src/net/http/server.go:2462 +0x149
net/http.serverHandler.ServeHTTP({0xc0000c36e0?}, {0x7ff7b0f9d010, 0xc00019e000}, 0xc000114100)
	C:/Users/toyam/go/src/net/http/server.go:2916 +0x43b
net/http.(*conn).serve(0xc0000a3400, {0x7ff7b0f9d298, 0xc0000c35f0})
	C:/Users/toyam/go/src/net/http/server.go:1966 +0x5d7
created by net/http.(*Server).Serve
	C:/Users/toyam/go/src/net/http/server.go:3071 +0x4db
2022/06/09 11:03:09 server.go:3197: http: panic serving [::1]:52364: runtime error: invalid memory address or nil pointer dereference
goroutine 5 [running]:
net/http.(*conn).serve.func1()
	C:/Users/toyam/go/src/net/http/server.go:1825 +0xbf
panic({0x7ff7b0eb02a0, 0x7ff7b0e60e90})
	C:/Users/toyam/go/src/runtime/panic.go:844 +0x258
html/template.(*Template).escape(0x0)
	C:/Users/toyam/go/src/html/template/template.go:97 +0x34
html/template.(*Template).Execute(0x0, {0x7ff7b0f9b0e0, 0xc00011e0e0}, {0x0, 0x0})
	C:/Users/toyam/go/src/html/template/template.go:121 +0x32
ToDo_app/app/controllers.top({0x7ff7b0f9d010?, 0xc00011e0e0}, 0x0?)
	C:/Users/toyam/go/src/ToDo_app/app/controllers/route_main.go:10 +0x89
net/http.HandlerFunc.ServeHTTP(0x25ce82fa6b8?, {0x7ff7b0f9d010?, 0xc00011e0e0?}, 0x7ff7b0a2e825?)
	C:/Users/toyam/go/src/net/http/server.go:2084 +0x2f
net/http.(*ServeMux).ServeHTTP(0x0?, {0x7ff7b0f9d010, 0xc00011e0e0}, 0xc000114200)
	C:/Users/toyam/go/src/net/http/server.go:2462 +0x149
net/http.serverHandler.ServeHTTP({0xc0000200c0?}, {0x7ff7b0f9d010, 0xc00011e0e0}, 0xc000114200)
	C:/Users/toyam/go/src/net/http/server.go:2916 +0x43b
net/http.(*conn).serve(0xc000062000, {0x7ff7b0f9d298, 0xc0000c35f0})
	C:/Users/toyam/go/src/net/http/server.go:1966 +0x5d7
created by net/http.(*Server).Serve
	C:/Users/toyam/go/src/net/http/server.go:3071 +0x4db
2022/06/09 11:03:09 server.go:3197: http: panic serving [::1]:52365: runtime error: invalid memory address or nil pointer dereference
goroutine 22 [running]:
net/http.(*conn).serve.func1()
	C:/Users/toyam/go/src/net/http/server.go:1825 +0xbf
panic({0x7ff7b0eb02a0, 0x7ff7b0e60e90})
	C:/Users/toyam/go/src/runtime/panic.go:844 +0x258
html/template.(*Template).escape(0x0)
	C:/Users/toyam/go/src/html/template/template.go:97 +0x34
html/template.(*Template).Execute(0x0, {0x7ff7b0f9b0e0, 0xc000074000}, {0x0, 0x0})
	C:/Users/toyam/go/src/html/template/template.go:121 +0x32
ToDo_app/app/controllers.top({0x7ff7b0f9d010?, 0xc000074000}, 0x0?)
	C:/Users/toyam/go/src/ToDo_app/app/controllers/route_main.go:10 +0x89
net/http.HandlerFunc.ServeHTTP(0x25ce82fa6b8?, {0x7ff7b0f9d010?, 0xc000074000?}, 0x7ff7b0a2e825?)
	C:/Users/toyam/go/src/net/http/server.go:2084 +0x2f
net/http.(*ServeMux).ServeHTTP(0x0?, {0x7ff7b0f9d010, 0xc000074000}, 0xc00006a000)
	C:/Users/toyam/go/src/net/http/server.go:2462 +0x149
net/http.serverHandler.ServeHTTP({0xc000020120?}, {0x7ff7b0f9d010, 0xc000074000}, 0xc00006a000)
	C:/Users/toyam/go/src/net/http/server.go:2916 +0x43b
net/http.(*conn).serve(0xc0000a34a0, {0x7ff7b0f9d298, 0xc0000c35f0})
	C:/Users/toyam/go/src/net/http/server.go:1966 +0x5d7
created by net/http.(*Server).Serve
	C:/Users/toyam/go/src/net/http/server.go:3071 +0x4db
2022/06/09 11:03:10 server.go:3197: http: panic serving [::1]:52366: runtime error: invalid memory address or nil pointer dereference
goroutine 7 [running]:
net/http.(*conn).serve.func1()
	C:/Users/toyam/go/src/net/http/server.go:1825 +0xbf
panic({0x7ff7b0eb02a0, 0x7ff7b0e60e90})
	C:/Users/toyam/go/src/runtime/panic.go:844 +0x258
html/template.(*Template).escape(0x0)
	C:/Users/toyam/go/src/html/template/template.go:97 +0x34
html/template.(*Template).Execute(0x0, {0x7ff7b0f9b0e0, 0xc00019e0e0}, {0x0, 0x0})
	C:/Users/toyam/go/src/html/template/template.go:121 +0x32
ToDo_app/app/controllers.top({0x7ff7b0f9d010?, 0xc00019e0e0}, 0x0?)
	C:/Users/toyam/go/src/ToDo_app/app/controllers/route_main.go:10 +0x89
net/http.HandlerFunc.ServeHTTP(0x25ce82fa6b8?, {0x7ff7b0f9d010?, 0xc00019e0e0?}, 0x7ff7b0a2e825?)
	C:/Users/toyam/go/src/net/http/server.go:2084 +0x2f
net/http.(*ServeMux).ServeHTTP(0x0?, {0x7ff7b0f9d010, 0xc00019e0e0}, 0xc0001d4100)
	C:/Users/toyam/go/src/net/http/server.go:2462 +0x149
net/http.serverHandler.ServeHTTP({0xc0001860f0?}, {0x7ff7b0f9d010, 0xc00019e0e0}, 0xc0001d4100)
	C:/Users/toyam/go/src/net/http/server.go:2916 +0x43b
net/http.(*conn).serve(0xc0000620a0, {0x7ff7b0f9d298, 0xc0000c35f0})
	C:/Users/toyam/go/src/net/http/server.go:1966 +0x5d7
created by net/http.(*Server).Serve
	C:/Users/toyam/go/src/net/http/server.go:3071 +0x4db
2022/06/09 11:03:10 server.go:3197: http: panic serving [::1]:52367: runtime error: invalid memory address or nil pointer dereference
goroutine 35 [running]:
net/http.(*conn).serve.func1()
	C:/Users/toyam/go/src/net/http/server.go:1825 +0xbf
panic({0x7ff7b0eb02a0, 0x7ff7b0e60e90})
	C:/Users/toyam/go/src/runtime/panic.go:844 +0x258
html/template.(*Template).escape(0x0)
	C:/Users/toyam/go/src/html/template/template.go:97 +0x34
html/template.(*Template).Execute(0x0, {0x7ff7b0f9b0e0, 0xc00019e1c0}, {0x0, 0x0})
	C:/Users/toyam/go/src/html/template/template.go:121 +0x32
ToDo_app/app/controllers.top({0x7ff7b0f9d010?, 0xc00019e1c0}, 0x0?)
	C:/Users/toyam/go/src/ToDo_app/app/controllers/route_main.go:10 +0x89
net/http.HandlerFunc.ServeHTTP(0x25ce82fa7a8?, {0x7ff7b0f9d010?, 0xc00019e1c0?}, 0x7ff7b0a2e825?)
	C:/Users/toyam/go/src/net/http/server.go:2084 +0x2f
net/http.(*ServeMux).ServeHTTP(0x0?, {0x7ff7b0f9d010, 0xc00019e1c0}, 0xc00006a100)
	C:/Users/toyam/go/src/net/http/server.go:2462 +0x149
net/http.serverHandler.ServeHTTP({0xc0000202d0?}, {0x7ff7b0f9d010, 0xc00019e1c0}, 0xc00006a100)
	C:/Users/toyam/go/src/net/http/server.go:2916 +0x43b
net/http.(*conn).serve(0xc000282000, {0x7ff7b0f9d298, 0xc0000c35f0})
	C:/Users/toyam/go/src/net/http/server.go:1966 +0x5d7
created by net/http.(*Server).Serve
	C:/Users/toyam/go/src/net/http/server.go:3071 +0x4db
2022/06/09 11:03:10 server.go:3197: http: panic serving [::1]:52368: runtime error: invalid memory address or nil pointer dereference
goroutine 38 [running]:
net/http.(*conn).serve.func1()
	C:/Users/toyam/go/src/net/http/server.go:1825 +0xbf
panic({0x7ff7b0eb02a0, 0x7ff7b0e60e90})
	C:/Users/toyam/go/src/runtime/panic.go:844 +0x258
html/template.(*Template).escape(0x0)
	C:/Users/toyam/go/src/html/template/template.go:97 +0x34
html/template.(*Template).Execute(0x0, {0x7ff7b0f9b0e0, 0xc0000740e0}, {0x0, 0x0})
	C:/Users/toyam/go/src/html/template/template.go:121 +0x32
ToDo_app/app/controllers.top({0x7ff7b0f9d010?, 0xc0000740e0}, 0x0?)
	C:/Users/toyam/go/src/ToDo_app/app/controllers/route_main.go:10 +0x89
net/http.HandlerFunc.ServeHTTP(0x25ce82fa7a8?, {0x7ff7b0f9d010?, 0xc0000740e0?}, 0x7ff7b0a2e825?)
	C:/Users/toyam/go/src/net/http/server.go:2084 +0x2f
net/http.(*ServeMux).ServeHTTP(0x0?, {0x7ff7b0f9d010, 0xc0000740e0}, 0xc00006a200)
	C:/Users/toyam/go/src/net/http/server.go:2462 +0x149
net/http.serverHandler.ServeHTTP({0xc000020330?}, {0x7ff7b0f9d010, 0xc0000740e0}, 0xc00006a200)
	C:/Users/toyam/go/src/net/http/server.go:2916 +0x43b
net/http.(*conn).serve(0xc0002820a0, {0x7ff7b0f9d298, 0xc0000c35f0})
	C:/Users/toyam/go/src/net/http/server.go:1966 +0x5d7
created by net/http.(*Server).Serve
	C:/Users/toyam/go/src/net/http/server.go:3071 +0x4db
2022/06/09 11:03:11 server.go:3197: http: panic serving [::1]:52369: runtime error: invalid memory address or nil pointer dereference
goroutine 9 [running]:
net/http.(*conn).serve.func1()
	C:/Users/toyam/go/src/net/http/server.go:1825 +0xbf
panic({0x7ff7b0eb02a0, 0x7ff7b0e60e90})
	C:/Users/toyam/go/src/runtime/panic.go:844 +0x258
html/template.(*Template).escape(0x0)
	C:/Users/toyam/go/src/html/template/template.go:97 +0x34
html/template.(*Template).Execute(0x0, {0x7ff7b0f9b0e0, 0xc00011e1c0}, {0x0, 0x0})
	C:/Users/toyam/go/src/html/template/template.go:121 +0x32
ToDo_app/app/controllers.top({0x7ff7b0f9d010?, 0xc00011e1c0}, 0x0?)
	C:/Users/toyam/go/src/ToDo_app/app/controllers/route_main.go:10 +0x89
net/http.HandlerFunc.ServeHTTP(0x25ce82fa7a8?, {0x7ff7b0f9d010?, 0xc00011e1c0?}, 0x7ff7b0a2e825?)
	C:/Users/toyam/go/src/net/http/server.go:2084 +0x2f
net/http.(*ServeMux).ServeHTTP(0x0?, {0x7ff7b0f9d010, 0xc00011e1c0}, 0xc000114300)
	C:/Users/toyam/go/src/net/http/server.go:2462 +0x149
net/http.serverHandler.ServeHTTP({0xc0000c3950?}, {0x7ff7b0f9d010, 0xc00011e1c0}, 0xc000114300)
	C:/Users/toyam/go/src/net/http/server.go:2916 +0x43b
net/http.(*conn).serve(0xc000062140, {0x7ff7b0f9d298, 0xc0000c35f0})
	C:/Users/toyam/go/src/net/http/server.go:1966 +0x5d7
created by net/http.(*Server).Serve
	C:/Users/toyam/go/src/net/http/server.go:3071 +0x4db
2022/06/09 11:03:11 server.go:3197: http: panic serving [::1]:52370: runtime error: invalid memory address or nil pointer dereference
goroutine 10 [running]:
net/http.(*conn).serve.func1()
	C:/Users/toyam/go/src/net/http/server.go:1825 +0xbf
panic({0x7ff7b0eb02a0, 0x7ff7b0e60e90})
	C:/Users/toyam/go/src/runtime/panic.go:844 +0x258
html/template.(*Template).escape(0x0)
	C:/Users/toyam/go/src/html/template/template.go:97 +0x34
html/template.(*Template).Execute(0x0, {0x7ff7b0f9b0e0, 0xc0000741c0}, {0x0, 0x0})
	C:/Users/toyam/go/src/html/template/template.go:121 +0x32
ToDo_app/app/controllers.top({0x7ff7b0f9d010?, 0xc0000741c0}, 0x0?)
	C:/Users/toyam/go/src/ToDo_app/app/controllers/route_main.go:10 +0x89
net/http.HandlerFunc.ServeHTTP(0x25ce82fa6b8?, {0x7ff7b0f9d010?, 0xc0000741c0?}, 0x7ff7b0a2e825?)
	C:/Users/toyam/go/src/net/http/server.go:2084 +0x2f
net/http.(*ServeMux).ServeHTTP(0x0?, {0x7ff7b0f9d010, 0xc0000741c0}, 0xc000114400)
	C:/Users/toyam/go/src/net/http/server.go:2462 +0x149
net/http.serverHandler.ServeHTTP({0xc0000c39b0?}, {0x7ff7b0f9d010, 0xc0000741c0}, 0xc000114400)
	C:/Users/toyam/go/src/net/http/server.go:2916 +0x43b
net/http.(*conn).serve(0xc0000621e0, {0x7ff7b0f9d298, 0xc0000c35f0})
	C:/Users/toyam/go/src/net/http/server.go:1966 +0x5d7
created by net/http.(*Server).Serve
	C:/Users/toyam/go/src/net/http/server.go:3071 +0x4db
2022/06/09 11:03:11 server.go:3197: http: panic serving [::1]:52371: runtime error: invalid memory address or nil pointer dereference
goroutine 12 [running]:
net/http.(*conn).serve.func1()
	C:/Users/toyam/go/src/net/http/server.go:1825 +0xbf
panic({0x7ff7b0eb02a0, 0x7ff7b0e60e90})
	C:/Users/toyam/go/src/runtime/panic.go:844 +0x258
html/template.(*Template).escape(0x0)
	C:/Users/toyam/go/src/html/template/template.go:97 +0x34
html/template.(*Template).Execute(0x0, {0x7ff7b0f9b0e0, 0xc00011e2a0}, {0x0, 0x0})
	C:/Users/toyam/go/src/html/template/template.go:121 +0x32
ToDo_app/app/controllers.top({0x7ff7b0f9d010?, 0xc00011e2a0}, 0x0?)
	C:/Users/toyam/go/src/ToDo_app/app/controllers/route_main.go:10 +0x89
net/http.HandlerFunc.ServeHTTP(0x25ce82fa6b8?, {0x7ff7b0f9d010?, 0xc00011e2a0?}, 0x7ff7b0a2e825?)
	C:/Users/toyam/go/src/net/http/server.go:2084 +0x2f
net/http.(*ServeMux).ServeHTTP(0x0?, {0x7ff7b0f9d010, 0xc00011e2a0}, 0xc000114600)
	C:/Users/toyam/go/src/net/http/server.go:2462 +0x149
net/http.serverHandler.ServeHTTP({0xc0000c3b00?}, {0x7ff7b0f9d010, 0xc00011e2a0}, 0xc000114600)
	C:/Users/toyam/go/src/net/http/server.go:2916 +0x43b
net/http.(*conn).serve(0xc000062280, {0x7ff7b0f9d298, 0xc0000c35f0})
	C:/Users/toyam/go/src/net/http/server.go:1966 +0x5d7
created by net/http.(*Server).Serve
	C:/Users/toyam/go/src/net/http/server.go:3071 +0x4db
2022/06/09 11:03:12 server.go:3197: http: panic serving [::1]:52372: runtime error: invalid memory address or nil pointer dereference
goroutine 25 [running]:
net/http.(*conn).serve.func1()
	C:/Users/toyam/go/src/net/http/server.go:1825 +0xbf
panic({0x7ff7b0eb02a0, 0x7ff7b0e60e90})
	C:/Users/toyam/go/src/runtime/panic.go:844 +0x258
html/template.(*Template).escape(0x0)
	C:/Users/toyam/go/src/html/template/template.go:97 +0x34
html/template.(*Template).Execute(0x0, {0x7ff7b0f9b0e0, 0xc00011e380}, {0x0, 0x0})
	C:/Users/toyam/go/src/html/template/template.go:121 +0x32
ToDo_app/app/controllers.top({0x7ff7b0f9d010?, 0xc00011e380}, 0x0?)
	C:/Users/toyam/go/src/ToDo_app/app/controllers/route_main.go:10 +0x89
net/http.HandlerFunc.ServeHTTP(0x25ce82fa6b8?, {0x7ff7b0f9d010?, 0xc00011e380?}, 0x7ff7b0a2e825?)
	C:/Users/toyam/go/src/net/http/server.go:2084 +0x2f
net/http.(*ServeMux).ServeHTTP(0x0?, {0x7ff7b0f9d010, 0xc00011e380}, 0xc00006a500)
	C:/Users/toyam/go/src/net/http/server.go:2462 +0x149
net/http.serverHandler.ServeHTTP({0xc0000206c0?}, {0x7ff7b0f9d010, 0xc00011e380}, 0xc00006a500)
	C:/Users/toyam/go/src/net/http/server.go:2916 +0x43b
net/http.(*conn).serve(0xc0000a3540, {0x7ff7b0f9d298, 0xc0000c35f0})
	C:/Users/toyam/go/src/net/http/server.go:1966 +0x5d7
created by net/http.(*Server).Serve
	C:/Users/toyam/go/src/net/http/server.go:3071 +0x4db
2022/06/09 11:03:12 server.go:3197: http: panic serving [::1]:52373: runtime error: invalid memory address or nil pointer dereference
goroutine 13 [running]:
net/http.(*conn).serve.func1()
	C:/Users/toyam/go/src/net/http/server.go:1825 +0xbf
panic({0x7ff7b0eb02a0, 0x7ff7b0e60e90})
	C:/Users/toyam/go/src/runtime/panic.go:844 +0x258
html/template.(*Template).escape(0x0)
	C:/Users/toyam/go/src/html/template/template.go:97 +0x34
html/template.(*Template).Execute(0x0, {0x7ff7b0f9b0e0, 0xc00011e460}, {0x0, 0x0})
	C:/Users/toyam/go/src/html/template/template.go:121 +0x32
ToDo_app/app/controllers.top({0x7ff7b0f9d010?, 0xc00011e460}, 0x0?)
	C:/Users/toyam/go/src/ToDo_app/app/controllers/route_main.go:10 +0x89
net/http.HandlerFunc.ServeHTTP(0x25ce82f0d50?, {0x7ff7b0f9d010?, 0xc00011e460?}, 0x7ff7b0a2e825?)
	C:/Users/toyam/go/src/net/http/server.go:2084 +0x2f
net/http.(*ServeMux).ServeHTTP(0x0?, {0x7ff7b0f9d010, 0xc00011e460}, 0xc000114800)
	C:/Users/toyam/go/src/net/http/server.go:2462 +0x149
net/http.serverHandler.ServeHTTP({0xc0000c3c80?}, {0x7ff7b0f9d010, 0xc00011e460}, 0xc000114800)
	C:/Users/toyam/go/src/net/http/server.go:2916 +0x43b
net/http.(*conn).serve(0xc000062320, {0x7ff7b0f9d298, 0xc0000c35f0})
	C:/Users/toyam/go/src/net/http/server.go:1966 +0x5d7
created by net/http.(*Server).Serve
	C:/Users/toyam/go/src/net/http/server.go:3071 +0x4db
2022/06/09 11:03:12 server.go:3197: http: panic serving [::1]:52374: runtime error: invalid memory address or nil pointer dereference
goroutine 28 [running]:
net/http.(*conn).serve.func1()
	C:/Users/toyam/go/src/net/http/server.go:1825 +0xbf
panic({0x7ff7b0eb02a0, 0x7ff7b0e60e90})
	C:/Users/toyam/go/src/runtime/panic.go:844 +0x258
html/template.(*Template).escape(0x0)
	C:/Users/toyam/go/src/html/template/template.go:97 +0x34
html/template.(*Template).Execute(0x0, {0x7ff7b0f9b0e0, 0xc00019e2a0}, {0x0, 0x0})
	C:/Users/toyam/go/src/html/template/template.go:121 +0x32
ToDo_app/app/controllers.top({0x7ff7b0f9d010?, 0xc00019e2a0}, 0x0?)
	C:/Users/toyam/go/src/ToDo_app/app/controllers/route_main.go:10 +0x89
net/http.HandlerFunc.ServeHTTP(0x25ce82fa7a8?, {0x7ff7b0f9d010?, 0xc00019e2a0?}, 0x7ff7b0a2e825?)
	C:/Users/toyam/go/src/net/http/server.go:2084 +0x2f
net/http.(*ServeMux).ServeHTTP(0x0?, {0x7ff7b0f9d010, 0xc00019e2a0}, 0xc0001d4400)
	C:/Users/toyam/go/src/net/http/server.go:2462 +0x149
net/http.serverHandler.ServeHTTP({0xc000186420?}, {0x7ff7b0f9d010, 0xc00019e2a0}, 0xc0001d4400)
	C:/Users/toyam/go/src/net/http/server.go:2916 +0x43b
net/http.(*conn).serve(0xc0000a35e0, {0x7ff7b0f9d298, 0xc0000c35f0})
	C:/Users/toyam/go/src/net/http/server.go:1966 +0x5d7
created by net/http.(*Server).Serve
	C:/Users/toyam/go/src/net/http/server.go:3071 +0x4db
2022/06/09 11:03:12 server.go:3197: http: panic serving [::1]:52375: runtime error: invalid memory address or nil pointer dereference
goroutine 40 [running]:
net/http.(*conn).serve.func1()
	C:/Users/toyam/go/src/net/http/server.go:1825 +0xbf
panic({0x7ff7b0eb02a0, 0x7ff7b0e60e90})
	C:/Users/toyam/go/src/runtime/panic.go:844 +0x258
html/template.(*Template).escape(0x0)
	C:/Users/toyam/go/src/html/template/template.go:97 +0x34
html/template.(*Template).Execute(0x0, {0x7ff7b0f9b0e0, 0xc0000742a0}, {0x0, 0x0})
	C:/Users/toyam/go/src/html/template/template.go:121 +0x32
ToDo_app/app/controllers.top({0x7ff7b0f9d010?, 0xc0000742a0}, 0x0?)
	C:/Users/toyam/go/src/ToDo_app/app/controllers/route_main.go:10 +0x89
net/http.HandlerFunc.ServeHTTP(0x25ce82fa7a8?, {0x7ff7b0f9d010?, 0xc0000742a0?}, 0x7ff7b0a2e825?)
	C:/Users/toyam/go/src/net/http/server.go:2084 +0x2f
net/http.(*ServeMux).ServeHTTP(0x0?, {0x7ff7b0f9d010, 0xc0000742a0}, 0xc00006a600)
	C:/Users/toyam/go/src/net/http/server.go:2462 +0x149
net/http.serverHandler.ServeHTTP({0xc000020780?}, {0x7ff7b0f9d010, 0xc0000742a0}, 0xc00006a600)
	C:/Users/toyam/go/src/net/http/server.go:2916 +0x43b
net/http.(*conn).serve(0xc000282140, {0x7ff7b0f9d298, 0xc0000c35f0})
	C:/Users/toyam/go/src/net/http/server.go:1966 +0x5d7
created by net/http.(*Server).Serve
	C:/Users/toyam/go/src/net/http/server.go:3071 +0x4db
2022/06/09 11:03:12 server.go:3197: http: panic serving [::1]:52376: runtime error: invalid memory address or nil pointer dereference
goroutine 14 [running]:
net/http.(*conn).serve.func1()
	C:/Users/toyam/go/src/net/http/server.go:1825 +0xbf
panic({0x7ff7b0eb02a0, 0x7ff7b0e60e90})
	C:/Users/toyam/go/src/runtime/panic.go:844 +0x258
html/template.(*Template).escape(0x0)
	C:/Users/toyam/go/src/html/template/template.go:97 +0x34
html/template.(*Template).Execute(0x0, {0x7ff7b0f9b0e0, 0xc000074380}, {0x0, 0x0})
	C:/Users/toyam/go/src/html/template/template.go:121 +0x32
ToDo_app/app/controllers.top({0x7ff7b0f9d010?, 0xc000074380}, 0x0?)
	C:/Users/toyam/go/src/ToDo_app/app/controllers/route_main.go:10 +0x89
net/http.HandlerFunc.ServeHTTP(0x25ce82fa6b8?, {0x7ff7b0f9d010?, 0xc000074380?}, 0x7ff7b0a2e825?)
	C:/Users/toyam/go/src/net/http/server.go:2084 +0x2f
net/http.(*ServeMux).ServeHTTP(0x0?, {0x7ff7b0f9d010, 0xc000074380}, 0xc0001d4600)
	C:/Users/toyam/go/src/net/http/server.go:2462 +0x149
net/http.serverHandler.ServeHTTP({0xc0001865a0?}, {0x7ff7b0f9d010, 0xc000074380}, 0xc0001d4600)
	C:/Users/toyam/go/src/net/http/server.go:2916 +0x43b
net/http.(*conn).serve(0xc0000623c0, {0x7ff7b0f9d298, 0xc0000c35f0})
	C:/Users/toyam/go/src/net/http/server.go:1966 +0x5d7
created by net/http.(*Server).Serve
	C:/Users/toyam/go/src/net/http/server.go:3071 +0x4db
2022/06/09 11:03:12 server.go:3197: http: panic serving [::1]:52377: runtime error: invalid memory address or nil pointer dereference
goroutine 50 [running]:
net/http.(*conn).serve.func1()
	C:/Users/toyam/go/src/net/http/server.go:1825 +0xbf
panic({0x7ff7b0eb02a0, 0x7ff7b0e60e90})
	C:/Users/toyam/go/src/runtime/panic.go:844 +0x258
html/template.(*Template).escape(0x0)
	C:/Users/toyam/go/src/html/template/template.go:97 +0x34
html/template.(*Template).Execute(0x0, {0x7ff7b0f9b0e0, 0xc00019e380}, {0x0, 0x0})
	C:/Users/toyam/go/src/html/template/template.go:121 +0x32
ToDo_app/app/controllers.top({0x7ff7b0f9d010?, 0xc00019e380}, 0x0?)
	C:/Users/toyam/go/src/ToDo_app/app/controllers/route_main.go:10 +0x89
net/http.HandlerFunc.ServeHTTP(0x25ce82fa6b8?, {0x7ff7b0f9d010?, 0xc00019e380?}, 0x7ff7b0a2e825?)
	C:/Users/toyam/go/src/net/http/server.go:2084 +0x2f
net/http.(*ServeMux).ServeHTTP(0x0?, {0x7ff7b0f9d010, 0xc00019e380}, 0xc0001d4700)
	C:/Users/toyam/go/src/net/http/server.go:2462 +0x149
net/http.serverHandler.ServeHTTP({0xc000186600?}, {0x7ff7b0f9d010, 0xc00019e380}, 0xc0001d4700)
	C:/Users/toyam/go/src/net/http/server.go:2916 +0x43b
net/http.(*conn).serve(0xc000062460, {0x7ff7b0f9d298, 0xc0000c35f0})
	C:/Users/toyam/go/src/net/http/server.go:1966 +0x5d7
created by net/http.(*Server).Serve
	C:/Users/toyam/go/src/net/http/server.go:3071 +0x4db
2022/06/09 11:03:17 server.go:3197: http: panic serving [::1]:52378: runtime error: invalid memory address or nil pointer dereference
goroutine 42 [running]:
net/http.(*conn).serve.func1()
	C:/Users/toyam/go/src/net/http/server.go:1825 +0xbf
panic({0x7ff7b0eb02a0, 0x7ff7b0e60e90})
	C:/Users/toyam/go/src/runtime/panic.go:844 +0x258
html/template.(*Template).escape(0x0)
	C:/Users/toyam/go/src/html/template/template.go:97 +0x34
html/template.(*Template).Execute(0x0, {0x7ff7b0f9b0e0, 0xc000074460}, {0x0, 0x0})
	C:/Users/toyam/go/src/html/template/template.go:121 +0x32
ToDo_app/app/controllers.top({0x7ff7b0f9d010?, 0xc000074460}, 0x0?)
	C:/Users/toyam/go/src/ToDo_app/app/controllers/route_main.go:10 +0x89
net/http.HandlerFunc.ServeHTTP(0x25ce82fa6b8?, {0x7ff7b0f9d010?, 0xc000074460?}, 0x7ff7b0a2e825?)
	C:/Users/toyam/go/src/net/http/server.go:2084 +0x2f
net/http.(*ServeMux).ServeHTTP(0x0?, {0x7ff7b0f9d010, 0xc000074460}, 0xc0001d4900)
	C:/Users/toyam/go/src/net/http/server.go:2462 +0x149
net/http.serverHandler.ServeHTTP({0xc000186780?}, {0x7ff7b0f9d010, 0xc000074460}, 0xc0001d4900)
	C:/Users/toyam/go/src/net/http/server.go:2916 +0x43b
net/http.(*conn).serve(0xc0002821e0, {0x7ff7b0f9d298, 0xc0000c35f0})
	C:/Users/toyam/go/src/net/http/server.go:1966 +0x5d7
created by net/http.(*Server).Serve
	C:/Users/toyam/go/src/net/http/server.go:3071 +0x4db
2022/06/09 11:03:17 server.go:3197: http: panic serving [::1]:52379: runtime error: invalid memory address or nil pointer dereference
goroutine 43 [running]:
net/http.(*conn).serve.func1()
	C:/Users/toyam/go/src/net/http/server.go:1825 +0xbf
panic({0x7ff7b0eb02a0, 0x7ff7b0e60e90})
	C:/Users/toyam/go/src/runtime/panic.go:844 +0x258
html/template.(*Template).escape(0x0)
	C:/Users/toyam/go/src/html/template/template.go:97 +0x34
html/template.(*Template).Execute(0x0, {0x7ff7b0f9b0e0, 0xc000074540}, {0x0, 0x0})
	C:/Users/toyam/go/src/html/template/template.go:121 +0x32
ToDo_app/app/controllers.top({0x7ff7b0f9d010?, 0xc000074540}, 0x0?)
	C:/Users/toyam/go/src/ToDo_app/app/controllers/route_main.go:10 +0x89
net/http.HandlerFunc.ServeHTTP(0x25ce82fa7a8?, {0x7ff7b0f9d010?, 0xc000074540?}, 0x7ff7b0a2e825?)
	C:/Users/toyam/go/src/net/http/server.go:2084 +0x2f
net/http.(*ServeMux).ServeHTTP(0x0?, {0x7ff7b0f9d010, 0xc000074540}, 0xc0001d4a00)
	C:/Users/toyam/go/src/net/http/server.go:2462 +0x149
net/http.serverHandler.ServeHTTP({0xc000186840?}, {0x7ff7b0f9d010, 0xc000074540}, 0xc0001d4a00)
	C:/Users/toyam/go/src/net/http/server.go:2916 +0x43b
net/http.(*conn).serve(0xc000282280, {0x7ff7b0f9d298, 0xc0000c35f0})
	C:/Users/toyam/go/src/net/http/server.go:1966 +0x5d7
created by net/http.(*Server).Serve
	C:/Users/toyam/go/src/net/http/server.go:3071 +0x4db
2022/06/09 11:03:17 server.go:3197: http: panic serving [::1]:52380: runtime error: invalid memory address or nil pointer dereference
goroutine 53 [running]:
net/http.(*conn).serve.func1()
	C:/Users/toyam/go/src/net/http/server.go:1825 +0xbf
panic({0x7ff7b0eb02a0, 0x7ff7b0e60e90})
	C:/Users/toyam/go/src/runtime/panic.go:844 +0x258
html/template.(*Template).escape(0x0)
	C:/Users/toyam/go/src/html/template/template.go:97 +0x34
html/template.(*Template).Execute(0x0, {0x7ff7b0f9b0e0, 0xc000074620}, {0x0, 0x0})
	C:/Users/toyam/go/src/html/template/template.go:121 +0x32
ToDo_app/app/controllers.top({0x7ff7b0f9d010?, 0xc000074620}, 0x0?)
	C:/Users/toyam/go/src/ToDo_app/app/controllers/route_main.go:10 +0x89
net/http.HandlerFunc.ServeHTTP(0x25ce82fa7a8?, {0x7ff7b0f9d010?, 0xc000074620?}, 0x7ff7b0a2e825?)
	C:/Users/toyam/go/src/net/http/server.go:2084 +0x2f
net/http.(*ServeMux).ServeHTTP(0x0?, {0x7ff7b0f9d010, 0xc000074620}, 0xc00006a900)
	C:/Users/toyam/go/src/net/http/server.go:2462 +0x149
net/http.serverHandler.ServeHTTP({0xc000020c00?}, {0x7ff7b0f9d010, 0xc000074620}, 0xc00006a900)
	C:/Users/toyam/go/src/net/http/server.go:2916 +0x43b
net/http.(*conn).serve(0xc000062500, {0x7ff7b0f9d298, 0xc0000c35f0})
	C:/Users/toyam/go/src/net/http/server.go:1966 +0x5d7
created by net/http.(*Server).Serve
	C:/Users/toyam/go/src/net/http/server.go:3071 +0x4db
2022/06/10 18:17:07 server.go:3197: http: panic serving [::1]:57651: open app/views/templates/5s.html%!(EXTRA string=layout): The system cannot find the file specified.
goroutine 20 [running]:
net/http.(*conn).serve.func1()
	C:/Users/toyam/go/src/net/http/server.go:1825 +0xbf
panic({0x7ff7b0353500, 0xc0000c37d0})
	C:/Users/toyam/go/src/runtime/panic.go:844 +0x258
html/template.Must(...)
	C:/Users/toyam/go/src/html/template/template.go:374
ToDo_app/app/controllers.generateHTML({0x7ff7b04394b0?, 0xc00011e0e0}, {0x7ff7b0331da0, 0x7ff7b0435a20}, {0xc00009d9f0?, 0x2, 0x0?})
	C:/Users/toyam/go/src/ToDo_app/app/controllers/server.go:15 +0x106
ToDo_app/app/controllers.top({0x7ff7b04394b0?, 0xc00011e0e0?}, 0x0?)
	C:/Users/toyam/go/src/ToDo_app/app/controllers/route_main.go:10 +0x75
net/http.HandlerFunc.ServeHTTP(0x190c79ba7a8?, {0x7ff7b04394b0?, 0xc00011e0e0?}, 0x7ff7afebe825?)
	C:/Users/toyam/go/src/net/http/server.go:2084 +0x2f
net/http.(*ServeMux).ServeHTTP(0x0?, {0x7ff7b04394b0, 0xc00011e0e0}, 0xc000074000)
	C:/Users/toyam/go/src/net/http/server.go:2462 +0x149
net/http.serverHandler.ServeHTTP({0xc00002a060?}, {0x7ff7b04394b0, 0xc00011e0e0}, 0xc000074000)
	C:/Users/toyam/go/src/net/http/server.go:2916 +0x43b
net/http.(*conn).serve(0xc0000a3400, {0x7ff7b0439798, 0xc0000c3620})
	C:/Users/toyam/go/src/net/http/server.go:1966 +0x5d7
created by net/http.(*Server).Serve
	C:/Users/toyam/go/src/net/http/server.go:3071 +0x4db
2022/06/10 18:17:07 server.go:3197: http: panic serving [::1]:57652: open app/views/templates/5s.html%!(EXTRA string=layout): The system cannot find the file specified.
goroutine 21 [running]:
net/http.(*conn).serve.func1()
	C:/Users/toyam/go/src/net/http/server.go:1825 +0xbf
panic({0x7ff7b0353500, 0xc0000c38c0})
	C:/Users/toyam/go/src/runtime/panic.go:844 +0x258
html/template.Must(...)
	C:/Users/toyam/go/src/html/template/template.go:374
ToDo_app/app/controllers.generateHTML({0x7ff7b04394b0?, 0xc00011e1c0}, {0x7ff7b0331da0, 0x7ff7b0435a20}, {0xc00012b9f0?, 0x2, 0x0?})
	C:/Users/toyam/go/src/ToDo_app/app/controllers/server.go:15 +0x106
ToDo_app/app/controllers.top({0x7ff7b04394b0?, 0xc00011e1c0?}, 0x0?)
	C:/Users/toyam/go/src/ToDo_app/app/controllers/route_main.go:10 +0x75
net/http.HandlerFunc.ServeHTTP(0x190c79ba6b8?, {0x7ff7b04394b0?, 0xc00011e1c0?}, 0x7ff7afebe825?)
	C:/Users/toyam/go/src/net/http/server.go:2084 +0x2f
net/http.(*ServeMux).ServeHTTP(0x0?, {0x7ff7b04394b0, 0xc00011e1c0}, 0xc000074100)
	C:/Users/toyam/go/src/net/http/server.go:2462 +0x149
net/http.serverHandler.ServeHTTP({0xc00002a120?}, {0x7ff7b04394b0, 0xc00011e1c0}, 0xc000074100)
	C:/Users/toyam/go/src/net/http/server.go:2916 +0x43b
net/http.(*conn).serve(0xc0000a34a0, {0x7ff7b0439798, 0xc0000c3620})
	C:/Users/toyam/go/src/net/http/server.go:1966 +0x5d7
created by net/http.(*Server).Serve
	C:/Users/toyam/go/src/net/http/server.go:3071 +0x4db
2022/06/10 18:17:07 server.go:3197: http: panic serving [::1]:57653: open app/views/templates/5s.html%!(EXTRA string=layout): The system cannot find the file specified.
goroutine 34 [running]:
net/http.(*conn).serve.func1()
	C:/Users/toyam/go/src/net/http/server.go:1825 +0xbf
panic({0x7ff7b0353500, 0xc0000c3980})
	C:/Users/toyam/go/src/runtime/panic.go:844 +0x258
html/template.Must(...)
	C:/Users/toyam/go/src/html/template/template.go:374
ToDo_app/app/controllers.generateHTML({0x7ff7b04394b0?, 0xc00011e2a0}, {0x7ff7b0331da0, 0x7ff7b0435a20}, {0xc0001959f0?, 0x2, 0x0?})
	C:/Users/toyam/go/src/ToDo_app/app/controllers/server.go:15 +0x106
ToDo_app/app/controllers.top({0x7ff7b04394b0?, 0xc00011e2a0?}, 0x0?)
	C:/Users/toyam/go/src/ToDo_app/app/controllers/route_main.go:10 +0x75
net/http.HandlerFunc.ServeHTTP(0x190c79ba6b8?, {0x7ff7b04394b0?, 0xc00011e2a0?}, 0x7ff7afebe825?)
	C:/Users/toyam/go/src/net/http/server.go:2084 +0x2f
net/http.(*ServeMux).ServeHTTP(0x0?, {0x7ff7b04394b0, 0xc00011e2a0}, 0xc00019e000)
	C:/Users/toyam/go/src/net/http/server.go:2462 +0x149
net/http.serverHandler.ServeHTTP({0xc000188090?}, {0x7ff7b04394b0, 0xc00011e2a0}, 0xc00019e000)
	C:/Users/toyam/go/src/net/http/server.go:2916 +0x43b
net/http.(*conn).serve(0xc00018c000, {0x7ff7b0439798, 0xc0000c3620})
	C:/Users/toyam/go/src/net/http/server.go:1966 +0x5d7
created by net/http.(*Server).Serve
	C:/Users/toyam/go/src/net/http/server.go:3071 +0x4db
2022/06/10 18:17:08 server.go:3197: http: panic serving [::1]:57654: open app/views/templates/5s.html%!(EXTRA string=layout): The system cannot find the file specified.
goroutine 25 [running]:
net/http.(*conn).serve.func1()
	C:/Users/toyam/go/src/net/http/server.go:1825 +0xbf
panic({0x7ff7b0353500, 0xc0001881b0})
	C:/Users/toyam/go/src/runtime/panic.go:844 +0x258
html/template.Must(...)
	C:/Users/toyam/go/src/html/template/template.go:374
ToDo_app/app/controllers.generateHTML({0x7ff7b04394b0?, 0xc0001b4000}, {0x7ff7b0331da0, 0x7ff7b0435a20}, {0xc0001959f0?, 0x2, 0x0?})
	C:/Users/toyam/go/src/ToDo_app/app/controllers/server.go:15 +0x106
ToDo_app/app/controllers.top({0x7ff7b04394b0?, 0xc0001b4000?}, 0x0?)
	C:/Users/toyam/go/src/ToDo_app/app/controllers/route_main.go:10 +0x75
net/http.HandlerFunc.ServeHTTP(0x190c79ba6b8?, {0x7ff7b04394b0?, 0xc0001b4000?}, 0x7ff7afebe825?)
	C:/Users/toyam/go/src/net/http/server.go:2084 +0x2f
net/http.(*ServeMux).ServeHTTP(0x0?, {0x7ff7b04394b0, 0xc0001b4000}, 0xc000074200)
	C:/Users/toyam/go/src/net/http/server.go:2462 +0x149
net/http.serverHandler.ServeHTTP({0xc00002a1b0?}, {0x7ff7b04394b0, 0xc0001b4000}, 0xc000074200)
	C:/Users/toyam/go/src/net/http/server.go:2916 +0x43b
net/http.(*conn).serve(0xc0000a3540, {0x7ff7b0439798, 0xc0000c3620})
	C:/Users/toyam/go/src/net/http/server.go:1966 +0x5d7
created by net/http.(*Server).Serve
	C:/Users/toyam/go/src/net/http/server.go:3071 +0x4db
2022/06/10 18:17:08 server.go:3197: http: panic serving [::1]:57655: open app/views/templates/5s.html%!(EXTRA string=layout): The system cannot find the file specified.
goroutine 35 [running]:
net/http.(*conn).serve.func1()
	C:/Users/toyam/go/src/net/http/server.go:1825 +0xbf
panic({0x7ff7b0353500, 0xc00002a300})
	C:/Users/toyam/go/src/runtime/panic.go:844 +0x258
html/template.Must(...)
	C:/Users/toyam/go/src/html/template/template.go:374
ToDo_app/app/controllers.generateHTML({0x7ff7b04394b0?, 0xc000280000}, {0x7ff7b0331da0, 0x7ff7b0435a20}, {0xc0001279f0?, 0x2, 0x0?})
	C:/Users/toyam/go/src/ToDo_app/app/controllers/server.go:15 +0x106
ToDo_app/app/controllers.top({0x7ff7b04394b0?, 0xc000280000?}, 0x0?)
	C:/Users/toyam/go/src/ToDo_app/app/controllers/route_main.go:10 +0x75
net/http.HandlerFunc.ServeHTTP(0x190c79ba7a8?, {0x7ff7b04394b0?, 0xc000280000?}, 0x7ff7afebe825?)
	C:/Users/toyam/go/src/net/http/server.go:2084 +0x2f
net/http.(*ServeMux).ServeHTTP(0x0?, {0x7ff7b04394b0, 0xc000280000}, 0xc000074300)
	C:/Users/toyam/go/src/net/http/server.go:2462 +0x149
net/http.serverHandler.ServeHTTP({0xc00002a210?}, {0x7ff7b04394b0, 0xc000280000}, 0xc000074300)
	C:/Users/toyam/go/src/net/http/server.go:2916 +0x43b
net/http.(*conn).serve(0xc00018c0a0, {0x7ff7b0439798, 0xc0000c3620})
	C:/Users/toyam/go/src/net/http/server.go:1966 +0x5d7
created by net/http.(*Server).Serve
	C:/Users/toyam/go/src/net/http/server.go:3071 +0x4db
2022/06/10 18:17:08 server.go:3197: http: panic serving [::1]:57656: open app/views/templates/5s.html%!(EXTRA string=layout): The system cannot find the file specified.
goroutine 6 [running]:
net/http.(*conn).serve.func1()
	C:/Users/toyam/go/src/net/http/server.go:1825 +0xbf
panic({0x7ff7b0353500, 0xc0000c3b60})
	C:/Users/toyam/go/src/runtime/panic.go:844 +0x258
html/template.Must(...)
	C:/Users/toyam/go/src/html/template/template.go:374
ToDo_app/app/controllers.generateHTML({0x7ff7b04394b0?, 0xc00011e380}, {0x7ff7b0331da0, 0x7ff7b0435a20}, {0xc0001279f0?, 0x2, 0x0?})
	C:/Users/toyam/go/src/ToDo_app/app/controllers/server.go:15 +0x106
ToDo_app/app/controllers.top({0x7ff7b04394b0?, 0xc00011e380?}, 0x0?)
	C:/Users/toyam/go/src/ToDo_app/app/controllers/route_main.go:10 +0x75
net/http.HandlerFunc.ServeHTTP(0x190c79ba7a8?, {0x7ff7b04394b0?, 0xc00011e380?}, 0x7ff7afebe825?)
	C:/Users/toyam/go/src/net/http/server.go:2084 +0x2f
net/http.(*ServeMux).ServeHTTP(0x0?, {0x7ff7b04394b0, 0xc00011e380}, 0xc000114500)
	C:/Users/toyam/go/src/net/http/server.go:2462 +0x149
net/http.serverHandler.ServeHTTP({0xc0000c3aa0?}, {0x7ff7b04394b0, 0xc00011e380}, 0xc000114500)
	C:/Users/toyam/go/src/net/http/server.go:2916 +0x43b
net/http.(*conn).serve(0xc0002ae000, {0x7ff7b0439798, 0xc0000c3620})
	C:/Users/toyam/go/src/net/http/server.go:1966 +0x5d7
created by net/http.(*Server).Serve
	C:/Users/toyam/go/src/net/http/server.go:3071 +0x4db
2022/06/10 18:17:10 server.go:3197: http: panic serving [::1]:57657: open app/views/templates/5s.html%!(EXTRA string=layout): The system cannot find the file specified.
goroutine 27 [running]:
net/http.(*conn).serve.func1()
	C:/Users/toyam/go/src/net/http/server.go:1825 +0xbf
panic({0x7ff7b0353500, 0xc000188360})
	C:/Users/toyam/go/src/runtime/panic.go:844 +0x258
html/template.Must(...)
	C:/Users/toyam/go/src/html/template/template.go:374
ToDo_app/app/controllers.generateHTML({0x7ff7b04394b0?, 0xc0001b40e0}, {0x7ff7b0331da0, 0x7ff7b0435a20}, {0xc0001279f0?, 0x2, 0x0?})
	C:/Users/toyam/go/src/ToDo_app/app/controllers/server.go:15 +0x106
ToDo_app/app/controllers.top({0x7ff7b04394b0?, 0xc0001b40e0?}, 0x0?)
	C:/Users/toyam/go/src/ToDo_app/app/controllers/route_main.go:10 +0x75
net/http.HandlerFunc.ServeHTTP(0x190c79ba7a8?, {0x7ff7b04394b0?, 0xc0001b40e0?}, 0x7ff7afebe825?)
	C:/Users/toyam/go/src/net/http/server.go:2084 +0x2f
net/http.(*ServeMux).ServeHTTP(0x0?, {0x7ff7b04394b0, 0xc0001b40e0}, 0xc00019e200)
	C:/Users/toyam/go/src/net/http/server.go:2462 +0x149
net/http.serverHandler.ServeHTTP({0xc000188210?}, {0x7ff7b04394b0, 0xc0001b40e0}, 0xc00019e200)
	C:/Users/toyam/go/src/net/http/server.go:2916 +0x43b
net/http.(*conn).serve(0xc0000a35e0, {0x7ff7b0439798, 0xc0000c3620})
	C:/Users/toyam/go/src/net/http/server.go:1966 +0x5d7
created by net/http.(*Server).Serve
	C:/Users/toyam/go/src/net/http/server.go:3071 +0x4db
2022/06/10 18:17:10 server.go:3197: http: panic serving [::1]:57658: open app/views/templates/5s.html%!(EXTRA string=layout): The system cannot find the file specified.
goroutine 28 [running]:
net/http.(*conn).serve.func1()
	C:/Users/toyam/go/src/net/http/server.go:1825 +0xbf
panic({0x7ff7b0353500, 0xc0000c3ce0})
	C:/Users/toyam/go/src/runtime/panic.go:844 +0x258
html/template.Must(...)
	C:/Users/toyam/go/src/html/template/template.go:374
ToDo_app/app/controllers.generateHTML({0x7ff7b04394b0?, 0xc00011e460}, {0x7ff7b0331da0, 0x7ff7b0435a20}, {0xc00012d9f0?, 0x2, 0x0?})
	C:/Users/toyam/go/src/ToDo_app/app/controllers/server.go:15 +0x106
ToDo_app/app/controllers.top({0x7ff7b04394b0?, 0xc00011e460?}, 0x0?)
	C:/Users/toyam/go/src/ToDo_app/app/controllers/route_main.go:10 +0x75
net/http.HandlerFunc.ServeHTTP(0x190c79ba6b8?, {0x7ff7b04394b0?, 0xc00011e460?}, 0x7ff7afebe825?)
	C:/Users/toyam/go/src/net/http/server.go:2084 +0x2f
net/http.(*ServeMux).ServeHTTP(0x0?, {0x7ff7b04394b0, 0xc00011e460}, 0xc00019e300)
	C:/Users/toyam/go/src/net/http/server.go:2462 +0x149
net/http.serverHandler.ServeHTTP({0xc000188270?}, {0x7ff7b04394b0, 0xc00011e460}, 0xc00019e300)
	C:/Users/toyam/go/src/net/http/server.go:2916 +0x43b
net/http.(*conn).serve(0xc0000a3680, {0x7ff7b0439798, 0xc0000c3620})
	C:/Users/toyam/go/src/net/http/server.go:1966 +0x5d7
created by net/http.(*Server).Serve
	C:/Users/toyam/go/src/net/http/server.go:3071 +0x4db
2022/06/10 18:17:10 server.go:3197: http: panic serving [::1]:57659: open app/views/templates/5s.html%!(EXTRA string=layout): The system cannot find the file specified.
goroutine 38 [running]:
net/http.(*conn).serve.func1()
	C:/Users/toyam/go/src/net/http/server.go:1825 +0xbf
panic({0x7ff7b0353500, 0xc0000c3e00})
	C:/Users/toyam/go/src/runtime/panic.go:844 +0x258
html/template.Must(...)
	C:/Users/toyam/go/src/html/template/template.go:374
ToDo_app/app/controllers.generateHTML({0x7ff7b04394b0?, 0xc00011e540}, {0x7ff7b0331da0, 0x7ff7b0435a20}, {0xc0001279f0?, 0x2, 0x0?})
	C:/Users/toyam/go/src/ToDo_app/app/controllers/server.go:15 +0x106
ToDo_app/app/controllers.top({0x7ff7b04394b0?, 0xc00011e540?}, 0x0?)
	C:/Users/toyam/go/src/ToDo_app/app/controllers/route_main.go:10 +0x75
net/http.HandlerFunc.ServeHTTP(0x190c79ba6b8?, {0x7ff7b04394b0?, 0xc00011e540?}, 0x7ff7afebe825?)
	C:/Users/toyam/go/src/net/http/server.go:2084 +0x2f
net/http.(*ServeMux).ServeHTTP(0x0?, {0x7ff7b04394b0, 0xc00011e540}, 0xc000114800)
	C:/Users/toyam/go/src/net/http/server.go:2462 +0x149
net/http.serverHandler.ServeHTTP({0xc0000c3d40?}, {0x7ff7b04394b0, 0xc00011e540}, 0xc000114800)
	C:/Users/toyam/go/src/net/http/server.go:2916 +0x43b
net/http.(*conn).serve(0xc00018c140, {0x7ff7b0439798, 0xc0000c3620})
	C:/Users/toyam/go/src/net/http/server.go:1966 +0x5d7
created by net/http.(*Server).Serve
	C:/Users/toyam/go/src/net/http/server.go:3071 +0x4db
2022/06/10 18:17:11 server.go:3197: http: panic serving [::1]:57660: open app/views/templates/5s.html%!(EXTRA string=layout): The system cannot find the file specified.
goroutine 31 [running]:
net/http.(*conn).serve.func1()
	C:/Users/toyam/go/src/net/http/server.go:1825 +0xbf
panic({0x7ff7b0353500, 0xc000312150})
	C:/Users/toyam/go/src/runtime/panic.go:844 +0x258
html/template.Must(...)
	C:/Users/toyam/go/src/html/template/template.go:374
ToDo_app/app/controllers.generateHTML({0x7ff7b04394b0?, 0xc00033c000}, {0x7ff7b0331da0, 0x7ff7b0435a20}, {0xc0001279f0?, 0x2, 0x0?})
	C:/Users/toyam/go/src/ToDo_app/app/controllers/server.go:15 +0x106
ToDo_app/app/controllers.top({0x7ff7b04394b0?, 0xc00033c000?}, 0x0?)
	C:/Users/toyam/go/src/ToDo_app/app/controllers/route_main.go:10 +0x75
net/http.HandlerFunc.ServeHTTP(0x190c79ba6b8?, {0x7ff7b04394b0?, 0xc00033c000?}, 0x7ff7afebe825?)
	C:/Users/toyam/go/src/net/http/server.go:2084 +0x2f
net/http.(*ServeMux).ServeHTTP(0x0?, {0x7ff7b04394b0, 0xc00033c000}, 0xc000318000)
	C:/Users/toyam/go/src/net/http/server.go:2462 +0x149
net/http.serverHandler.ServeHTTP({0xc000312030?}, {0x7ff7b04394b0, 0xc00033c000}, 0xc000318000)
	C:/Users/toyam/go/src/net/http/server.go:2916 +0x43b
net/http.(*conn).serve(0xc0000a3720, {0x7ff7b0439798, 0xc0000c3620})
	C:/Users/toyam/go/src/net/http/server.go:1966 +0x5d7
created by net/http.(*Server).Serve
	C:/Users/toyam/go/src/net/http/server.go:3071 +0x4db
2022/06/10 18:17:11 server.go:3197: http: panic serving [::1]:57661: open app/views/templates/5s.html%!(EXTRA string=layout): The system cannot find the file specified.
goroutine 50 [running]:
net/http.(*conn).serve.func1()
	C:/Users/toyam/go/src/net/http/server.go:1825 +0xbf
panic({0x7ff7b0353500, 0xc0000c3f20})
	C:/Users/toyam/go/src/runtime/panic.go:844 +0x258
html/template.Must(...)
	C:/Users/toyam/go/src/html/template/template.go:374
ToDo_app/app/controllers.generateHTML({0x7ff7b04394b0?, 0xc00011e620}, {0x7ff7b0331da0, 0x7ff7b0435a20}, {0xc0001919f0?, 0x2, 0x0?})
	C:/Users/toyam/go/src/ToDo_app/app/controllers/server.go:15 +0x106
ToDo_app/app/controllers.top({0x7ff7b04394b0?, 0xc00011e620?}, 0x0?)
	C:/Users/toyam/go/src/ToDo_app/app/controllers/route_main.go:10 +0x75
net/http.HandlerFunc.ServeHTTP(0x190c79ba7a8?, {0x7ff7b04394b0?, 0xc00011e620?}, 0x7ff7afebe825?)
	C:/Users/toyam/go/src/net/http/server.go:2084 +0x2f
net/http.(*ServeMux).ServeHTTP(0x0?, {0x7ff7b04394b0, 0xc00011e620}, 0xc000074500)
	C:/Users/toyam/go/src/net/http/server.go:2462 +0x149
net/http.serverHandler.ServeHTTP({0xc00002a420?}, {0x7ff7b04394b0, 0xc00011e620}, 0xc000074500)
	C:/Users/toyam/go/src/net/http/server.go:2916 +0x43b
net/http.(*conn).serve(0xc000320000, {0x7ff7b0439798, 0xc0000c3620})
	C:/Users/toyam/go/src/net/http/server.go:1966 +0x5d7
created by net/http.(*Server).Serve
	C:/Users/toyam/go/src/net/http/server.go:3071 +0x4db
2022/06/10 18:17:11 server.go:3197: http: panic serving [::1]:57662: open app/views/templates/5s.html%!(EXTRA string=layout): The system cannot find the file specified.
goroutine 33 [running]:
net/http.(*conn).serve.func1()
	C:/Users/toyam/go/src/net/http/server.go:1825 +0xbf
panic({0x7ff7b0353500, 0xc000312270})
	C:/Users/toyam/go/src/runtime/panic.go:844 +0x258
html/template.Must(...)
	C:/Users/toyam/go/src/html/template/template.go:374
ToDo_app/app/controllers.generateHTML({0x7ff7b04394b0?, 0xc00033c0e0}, {0x7ff7b0331da0, 0x7ff7b0435a20}, {0xc0001919f0?, 0x2, 0x0?})
	C:/Users/toyam/go/src/ToDo_app/app/controllers/server.go:15 +0x106
ToDo_app/app/controllers.top({0x7ff7b04394b0?, 0xc00033c0e0?}, 0x0?)
	C:/Users/toyam/go/src/ToDo_app/app/controllers/route_main.go:10 +0x75
net/http.HandlerFunc.ServeHTTP(0x190c79ba7a8?, {0x7ff7b04394b0?, 0xc00033c0e0?}, 0x7ff7afebe825?)
	C:/Users/toyam/go/src/net/http/server.go:2084 +0x2f
net/http.(*ServeMux).ServeHTTP(0x0?, {0x7ff7b04394b0, 0xc00033c0e0}, 0xc000318200)
	C:/Users/toyam/go/src/net/http/server.go:2462 +0x149
net/http.serverHandler.ServeHTTP({0xc0003121b0?}, {0x7ff7b04394b0, 0xc00033c0e0}, 0xc000318200)
	C:/Users/toyam/go/src/net/http/server.go:2916 +0x43b
net/http.(*conn).serve(0xc0000a37c0, {0x7ff7b0439798, 0xc0000c3620})
	C:/Users/toyam/go/src/net/http/server.go:1966 +0x5d7
created by net/http.(*Server).Serve
	C:/Users/toyam/go/src/net/http/server.go:3071 +0x4db
2022/06/10 18:17:11 server.go:3197: http: panic serving [::1]:57663: open app/views/templates/5s.html%!(EXTRA string=layout): The system cannot find the file specified.
goroutine 53 [running]:
net/http.(*conn).serve.func1()
	C:/Users/toyam/go/src/net/http/server.go:1825 +0xbf
panic({0x7ff7b0353500, 0xc000312420})
	C:/Users/toyam/go/src/runtime/panic.go:844 +0x258
html/template.Must(...)
	C:/Users/toyam/go/src/html/template/template.go:374
ToDo_app/app/controllers.generateHTML({0x7ff7b04394b0?, 0xc00033c1c0}, {0x7ff7b0331da0, 0x7ff7b0435a20}, {0xc0001919f0?, 0x2, 0x0?})
	C:/Users/toyam/go/src/ToDo_app/app/controllers/server.go:15 +0x106
ToDo_app/app/controllers.top({0x7ff7b04394b0?, 0xc00033c1c0?}, 0x0?)
	C:/Users/toyam/go/src/ToDo_app/app/controllers/route_main.go:10 +0x75
net/http.HandlerFunc.ServeHTTP(0x190c79ba7a8?, {0x7ff7b04394b0?, 0xc00033c1c0?}, 0x7ff7afebe825?)
	C:/Users/toyam/go/src/net/http/server.go:2084 +0x2f
net/http.(*ServeMux).ServeHTTP(0x0?, {0x7ff7b04394b0, 0xc00033c1c0}, 0xc000114b00)
	C:/Users/toyam/go/src/net/http/server.go:2462 +0x149
net/http.serverHandler.ServeHTTP({0xc00026a000?}, {0x7ff7b04394b0, 0xc00033c1c0}, 0xc000114b00)
	C:/Users/toyam/go/src/net/http/server.go:2916 +0x43b
net/http.(*conn).serve(0xc0003200a0, {0x7ff7b0439798, 0xc0000c3620})
	C:/Users/toyam/go/src/net/http/server.go:1966 +0x5d7
created by net/http.(*Server).Serve
	C:/Users/toyam/go/src/net/http/server.go:3071 +0x4db
2022/06/10 18:17:11 server.go:3197: http: panic serving [::1]:57664: open app/views/templates/5s.html%!(EXTRA string=layout): The system cannot find the file specified.
goroutine 54 [running]:
net/http.(*conn).serve.func1()
	C:/Users/toyam/go/src/net/http/server.go:1825 +0xbf
panic({0x7ff7b0353500, 0xc00026a120})
	C:/Users/toyam/go/src/runtime/panic.go:844 +0x258
html/template.Must(...)
	C:/Users/toyam/go/src/html/template/template.go:374
ToDo_app/app/controllers.generateHTML({0x7ff7b04394b0?, 0xc00011e700}, {0x7ff7b0331da0, 0x7ff7b0435a20}, {0xc0001279f0?, 0x2, 0x0?})
	C:/Users/toyam/go/src/ToDo_app/app/controllers/server.go:15 +0x106
ToDo_app/app/controllers.top({0x7ff7b04394b0?, 0xc00011e700?}, 0x0?)
	C:/Users/toyam/go/src/ToDo_app/app/controllers/route_main.go:10 +0x75
net/http.HandlerFunc.ServeHTTP(0x190c79ba6b8?, {0x7ff7b04394b0?, 0xc00011e700?}, 0x7ff7afebe825?)
	C:/Users/toyam/go/src/net/http/server.go:2084 +0x2f
net/http.(*ServeMux).ServeHTTP(0x0?, {0x7ff7b04394b0, 0xc00011e700}, 0xc000114c00)
	C:/Users/toyam/go/src/net/http/server.go:2462 +0x149
net/http.serverHandler.ServeHTTP({0xc00026a060?}, {0x7ff7b04394b0, 0xc00011e700}, 0xc000114c00)
	C:/Users/toyam/go/src/net/http/server.go:2916 +0x43b
net/http.(*conn).serve(0xc000320140, {0x7ff7b0439798, 0xc0000c3620})
	C:/Users/toyam/go/src/net/http/server.go:1966 +0x5d7
created by net/http.(*Server).Serve
	C:/Users/toyam/go/src/net/http/server.go:3071 +0x4db
2022/06/10 18:17:11 server.go:3197: http: panic serving [::1]:57665: open app/views/templates/5s.html%!(EXTRA string=layout): The system cannot find the file specified.
goroutine 67 [running]:
net/http.(*conn).serve.func1()
	C:/Users/toyam/go/src/net/http/server.go:1825 +0xbf
panic({0x7ff7b0353500, 0xc000312540})
	C:/Users/toyam/go/src/runtime/panic.go:844 +0x258
html/template.Must(...)
	C:/Users/toyam/go/src/html/template/template.go:374
ToDo_app/app/controllers.generateHTML({0x7ff7b04394b0?, 0xc00033c2a0}, {0x7ff7b0331da0, 0x7ff7b0435a20}, {0xc0001279f0?, 0x2, 0x0?})
	C:/Users/toyam/go/src/ToDo_app/app/controllers/server.go:15 +0x106
ToDo_app/app/controllers.top({0x7ff7b04394b0?, 0xc00033c2a0?}, 0x0?)
	C:/Users/toyam/go/src/ToDo_app/app/controllers/route_main.go:10 +0x75
net/http.HandlerFunc.ServeHTTP(0x190c79ba6b8?, {0x7ff7b04394b0?, 0xc00033c2a0?}, 0x7ff7afebe825?)
	C:/Users/toyam/go/src/net/http/server.go:2084 +0x2f
net/http.(*ServeMux).ServeHTTP(0x0?, {0x7ff7b04394b0, 0xc00033c2a0}, 0xc000318600)
	C:/Users/toyam/go/src/net/http/server.go:2462 +0x149
net/http.serverHandler.ServeHTTP({0xc000312480?}, {0x7ff7b04394b0, 0xc00033c2a0}, 0xc000318600)
	C:/Users/toyam/go/src/net/http/server.go:2916 +0x43b
net/http.(*conn).serve(0xc0000a3860, {0x7ff7b0439798, 0xc0000c3620})
	C:/Users/toyam/go/src/net/http/server.go:1966 +0x5d7
created by net/http.(*Server).Serve
	C:/Users/toyam/go/src/net/http/server.go:3071 +0x4db
2022/06/10 18:17:11 server.go:3197: http: panic serving [::1]:57666: open app/views/templates/5s.html%!(EXTRA string=layout): The system cannot find the file specified.
goroutine 68 [running]:
net/http.(*conn).serve.func1()
	C:/Users/toyam/go/src/net/http/server.go:1825 +0xbf
panic({0x7ff7b0353500, 0xc00026a360})
	C:/Users/toyam/go/src/runtime/panic.go:844 +0x258
html/template.Must(...)
	C:/Users/toyam/go/src/html/template/template.go:374
ToDo_app/app/controllers.generateHTML({0x7ff7b04394b0?, 0xc00011e7e0}, {0x7ff7b0331da0, 0x7ff7b0435a20}, {0xc0003959f0?, 0x2, 0x0?})
	C:/Users/toyam/go/src/ToDo_app/app/controllers/server.go:15 +0x106
ToDo_app/app/controllers.top({0x7ff7b04394b0?, 0xc00011e7e0?}, 0x0?)
	C:/Users/toyam/go/src/ToDo_app/app/controllers/route_main.go:10 +0x75
net/http.HandlerFunc.ServeHTTP(0x190c79ba6b8?, {0x7ff7b04394b0?, 0xc00011e7e0?}, 0x7ff7afebe825?)
	C:/Users/toyam/go/src/net/http/server.go:2084 +0x2f
net/http.(*ServeMux).ServeHTTP(0x0?, {0x7ff7b04394b0, 0xc00011e7e0}, 0xc000114e00)
	C:/Users/toyam/go/src/net/http/server.go:2462 +0x149
net/http.serverHandler.ServeHTTP({0xc00026a240?}, {0x7ff7b04394b0, 0xc00011e7e0}, 0xc000114e00)
	C:/Users/toyam/go/src/net/http/server.go:2916 +0x43b
net/http.(*conn).serve(0xc0000a3900, {0x7ff7b0439798, 0xc0000c3620})
	C:/Users/toyam/go/src/net/http/server.go:1966 +0x5d7
created by net/http.(*Server).Serve
	C:/Users/toyam/go/src/net/http/server.go:3071 +0x4db
2022/06/10 18:17:11 server.go:3197: http: panic serving [::1]:57667: open app/views/templates/5s.html%!(EXTRA string=layout): The system cannot find the file specified.
goroutine 69 [running]:
net/http.(*conn).serve.func1()
	C:/Users/toyam/go/src/net/http/server.go:1825 +0xbf
panic({0x7ff7b0353500, 0xc00026a420})
	C:/Users/toyam/go/src/runtime/panic.go:844 +0x258
html/template.Must(...)
	C:/Users/toyam/go/src/html/template/template.go:374
ToDo_app/app/controllers.generateHTML({0x7ff7b04394b0?, 0xc00011e8c0}, {0x7ff7b0331da0, 0x7ff7b0435a20}, {0xc0003999f0?, 0x2, 0x0?})
	C:/Users/toyam/go/src/ToDo_app/app/controllers/server.go:15 +0x106
ToDo_app/app/controllers.top({0x7ff7b04394b0?, 0xc00011e8c0?}, 0x0?)
	C:/Users/toyam/go/src/ToDo_app/app/controllers/route_main.go:10 +0x75
net/http.HandlerFunc.ServeHTTP(0x190c79ba7a8?, {0x7ff7b04394b0?, 0xc00011e8c0?}, 0x7ff7afebe825?)
	C:/Users/toyam/go/src/net/http/server.go:2084 +0x2f
net/http.(*ServeMux).ServeHTTP(0x0?, {0x7ff7b04394b0, 0xc00011e8c0}, 0xc000318800)
	C:/Users/toyam/go/src/net/http/server.go:2462 +0x149
net/http.serverHandler.ServeHTTP({0xc0003125a0?}, {0x7ff7b04394b0, 0xc00011e8c0}, 0xc000318800)
	C:/Users/toyam/go/src/net/http/server.go:2916 +0x43b
net/http.(*conn).serve(0xc0000a39a0, {0x7ff7b0439798, 0xc0000c3620})
	C:/Users/toyam/go/src/net/http/server.go:1966 +0x5d7
created by net/http.(*Server).Serve
	C:/Users/toyam/go/src/net/http/server.go:3071 +0x4db
2022/06/10 18:17:11 server.go:3197: http: panic serving [::1]:57668: open app/views/templates/5s.html%!(EXTRA string=layout): The system cannot find the file specified.
goroutine 72 [running]:
net/http.(*conn).serve.func1()
	C:/Users/toyam/go/src/net/http/server.go:1825 +0xbf
panic({0x7ff7b0353500, 0xc00026a5a0})
	C:/Users/toyam/go/src/runtime/panic.go:844 +0x258
html/template.Must(...)
	C:/Users/toyam/go/src/html/template/template.go:374
ToDo_app/app/controllers.generateHTML({0x7ff7b04394b0?, 0xc00011e9a0}, {0x7ff7b0331da0, 0x7ff7b0435a20}, {0xc0003999f0?, 0x2, 0x0?})
	C:/Users/toyam/go/src/ToDo_app/app/controllers/server.go:15 +0x106
ToDo_app/app/controllers.top({0x7ff7b04394b0?, 0xc00011e9a0?}, 0x0?)
	C:/Users/toyam/go/src/ToDo_app/app/controllers/route_main.go:10 +0x75
net/http.HandlerFunc.ServeHTTP(0x190c79ba7a8?, {0x7ff7b04394b0?, 0xc00011e9a0?}, 0x7ff7afebe825?)
	C:/Users/toyam/go/src/net/http/server.go:2084 +0x2f
net/http.(*ServeMux).ServeHTTP(0x0?, {0x7ff7b04394b0, 0xc00011e9a0}, 0xc000115100)
	C:/Users/toyam/go/src/net/http/server.go:2462 +0x149
net/http.serverHandler.ServeHTTP({0xc00026a4e0?}, {0x7ff7b04394b0, 0xc00011e9a0}, 0xc000115100)
	C:/Users/toyam/go/src/net/http/server.go:2916 +0x43b
net/http.(*conn).serve(0xc0000a3a40, {0x7ff7b0439798, 0xc0000c3620})
	C:/Users/toyam/go/src/net/http/server.go:1966 +0x5d7
created by net/http.(*Server).Serve
	C:/Users/toyam/go/src/net/http/server.go:3071 +0x4db
2022/06/10 18:17:14 server.go:3197: http: panic serving [::1]:57670: open app/views/templates/5s.html%!(EXTRA string=layout): The system cannot find the file specified.
goroutine 74 [running]:
net/http.(*conn).serve.func1()
	C:/Users/toyam/go/src/net/http/server.go:1825 +0xbf
panic({0x7ff7b0353500, 0xc000312720})
	C:/Users/toyam/go/src/runtime/panic.go:844 +0x258
html/template.Must(...)
	C:/Users/toyam/go/src/html/template/template.go:374
ToDo_app/app/controllers.generateHTML({0x7ff7b04394b0?, 0xc00033c380}, {0x7ff7b0331da0, 0x7ff7b0435a20}, {0xc0003999f0?, 0x2, 0x0?})
	C:/Users/toyam/go/src/ToDo_app/app/controllers/server.go:15 +0x106
ToDo_app/app/controllers.top({0x7ff7b04394b0?, 0xc00033c380?}, 0x0?)
	C:/Users/toyam/go/src/ToDo_app/app/controllers/route_main.go:10 +0x75
net/http.HandlerFunc.ServeHTTP(0x190c79ba7a8?, {0x7ff7b04394b0?, 0xc00033c380?}, 0x7ff7afebe825?)
	C:/Users/toyam/go/src/net/http/server.go:2084 +0x2f
net/http.(*ServeMux).ServeHTTP(0x0?, {0x7ff7b04394b0, 0xc00033c380}, 0xc000318900)
	C:/Users/toyam/go/src/net/http/server.go:2462 +0x149
net/http.serverHandler.ServeHTTP({0xc000312600?}, {0x7ff7b04394b0, 0xc00033c380}, 0xc000318900)
	C:/Users/toyam/go/src/net/http/server.go:2916 +0x43b
net/http.(*conn).serve(0xc0000a3ae0, {0x7ff7b0439798, 0xc0000c3620})
	C:/Users/toyam/go/src/net/http/server.go:1966 +0x5d7
created by net/http.(*Server).Serve
	C:/Users/toyam/go/src/net/http/server.go:3071 +0x4db
2022/06/10 18:17:14 server.go:3197: http: panic serving [::1]:57671: open app/views/templates/5s.html%!(EXTRA string=layout): The system cannot find the file specified.
goroutine 75 [running]:
net/http.(*conn).serve.func1()
	C:/Users/toyam/go/src/net/http/server.go:1825 +0xbf
panic({0x7ff7b0353500, 0xc0003127e0})
	C:/Users/toyam/go/src/runtime/panic.go:844 +0x258
html/template.Must(...)
	C:/Users/toyam/go/src/html/template/template.go:374
ToDo_app/app/controllers.generateHTML({0x7ff7b04394b0?, 0xc00033c460}, {0x7ff7b0331da0, 0x7ff7b0435a20}, {0xc0003959f0?, 0x2, 0x0?})
	C:/Users/toyam/go/src/ToDo_app/app/controllers/server.go:15 +0x106
ToDo_app/app/controllers.top({0x7ff7b04394b0?, 0xc00033c460?}, 0x0?)
	C:/Users/toyam/go/src/ToDo_app/app/controllers/route_main.go:10 +0x75
net/http.HandlerFunc.ServeHTTP(0x190c79ba6b8?, {0x7ff7b04394b0?, 0xc00033c460?}, 0x7ff7afebe825?)
	C:/Users/toyam/go/src/net/http/server.go:2084 +0x2f
net/http.(*ServeMux).ServeHTTP(0x0?, {0x7ff7b04394b0, 0xc00033c460}, 0xc000318a00)
	C:/Users/toyam/go/src/net/http/server.go:2462 +0x149
net/http.serverHandler.ServeHTTP({0xc000312660?}, {0x7ff7b04394b0, 0xc00033c460}, 0xc000318a00)
	C:/Users/toyam/go/src/net/http/server.go:2916 +0x43b
net/http.(*conn).serve(0xc0000a3b80, {0x7ff7b0439798, 0xc0000c3620})
	C:/Users/toyam/go/src/net/http/server.go:1966 +0x5d7
created by net/http.(*Server).Serve
	C:/Users/toyam/go/src/net/http/server.go:3071 +0x4db
2022/06/10 18:17:14 server.go:3197: http: panic serving [::1]:57672: open app/views/templates/5s.html%!(EXTRA string=layout): The system cannot find the file specified.
goroutine 59 [running]:
net/http.(*conn).serve.func1()
	C:/Users/toyam/go/src/net/http/server.go:1825 +0xbf
panic({0x7ff7b0353500, 0xc00002a540})
	C:/Users/toyam/go/src/runtime/panic.go:844 +0x258
html/template.Must(...)
	C:/Users/toyam/go/src/html/template/template.go:374
ToDo_app/app/controllers.generateHTML({0x7ff7b04394b0?, 0xc0002800e0}, {0x7ff7b0331da0, 0x7ff7b0435a20}, {0xc0003959f0?, 0x2, 0x0?})
	C:/Users/toyam/go/src/ToDo_app/app/controllers/server.go:15 +0x106
ToDo_app/app/controllers.top({0x7ff7b04394b0?, 0xc0002800e0?}, 0x0?)
	C:/Users/toyam/go/src/ToDo_app/app/controllers/route_main.go:10 +0x75
net/http.HandlerFunc.ServeHTTP(0x190c79ba6b8?, {0x7ff7b04394b0?, 0xc0002800e0?}, 0x7ff7afebe825?)
	C:/Users/toyam/go/src/net/http/server.go:2084 +0x2f
net/http.(*ServeMux).ServeHTTP(0x0?, {0x7ff7b04394b0, 0xc0002800e0}, 0xc000074600)
	C:/Users/toyam/go/src/net/http/server.go:2462 +0x149
net/http.serverHandler.ServeHTTP({0xc00002a480?}, {0x7ff7b04394b0, 0xc0002800e0}, 0xc000074600)
	C:/Users/toyam/go/src/net/http/server.go:2916 +0x43b
net/http.(*conn).serve(0xc0003201e0, {0x7ff7b0439798, 0xc0000c3620})
	C:/Users/toyam/go/src/net/http/server.go:1966 +0x5d7
created by net/http.(*Server).Serve
	C:/Users/toyam/go/src/net/http/server.go:3071 +0x4db
2022/06/10 18:17:14 server.go:3197: http: panic serving [::1]:57673: open app/views/templates/5s.html%!(EXTRA string=layout): The system cannot find the file specified.
goroutine 8 [running]:
net/http.(*conn).serve.func1()
	C:/Users/toyam/go/src/net/http/server.go:1825 +0xbf
panic({0x7ff7b0353500, 0xc000312a20})
	C:/Users/toyam/go/src/runtime/panic.go:844 +0x258
html/template.Must(...)
	C:/Users/toyam/go/src/html/template/template.go:374
ToDo_app/app/controllers.generateHTML({0x7ff7b04394b0?, 0xc00033c540}, {0x7ff7b0331da0, 0x7ff7b0435a20}, {0xc0003959f0?, 0x2, 0x0?})
	C:/Users/toyam/go/src/ToDo_app/app/controllers/server.go:15 +0x106
ToDo_app/app/controllers.top({0x7ff7b04394b0?, 0xc00033c540?}, 0x0?)
	C:/Users/toyam/go/src/ToDo_app/app/controllers/route_main.go:10 +0x75
net/http.HandlerFunc.ServeHTTP(0x190c79ba6b8?, {0x7ff7b04394b0?, 0xc00033c540?}, 0x7ff7afebe825?)
	C:/Users/toyam/go/src/net/http/server.go:2084 +0x2f
net/http.(*ServeMux).ServeHTTP(0x0?, {0x7ff7b04394b0, 0xc00033c540}, 0xc000318d00)
	C:/Users/toyam/go/src/net/http/server.go:2462 +0x149
net/http.serverHandler.ServeHTTP({0xc000312900?}, {0x7ff7b04394b0, 0xc00033c540}, 0xc000318d00)
	C:/Users/toyam/go/src/net/http/server.go:2916 +0x43b
net/http.(*conn).serve(0xc0002ae0a0, {0x7ff7b0439798, 0xc0000c3620})
	C:/Users/toyam/go/src/net/http/server.go:1966 +0x5d7
created by net/http.(*Server).Serve
	C:/Users/toyam/go/src/net/http/server.go:3071 +0x4db
2022/06/10 18:17:14 server.go:3197: http: panic serving [::1]:57674: open app/views/templates/5s.html%!(EXTRA string=layout): The system cannot find the file specified.
goroutine 60 [running]:
net/http.(*conn).serve.func1()
	C:/Users/toyam/go/src/net/http/server.go:1825 +0xbf
panic({0x7ff7b0353500, 0xc00026a720})
	C:/Users/toyam/go/src/runtime/panic.go:844 +0x258
html/template.Must(...)
	C:/Users/toyam/go/src/html/template/template.go:374
ToDo_app/app/controllers.generateHTML({0x7ff7b04394b0?, 0xc00011ea80}, {0x7ff7b0331da0, 0x7ff7b0435a20}, {0xc0003999f0?, 0x2, 0x0?})
	C:/Users/toyam/go/src/ToDo_app/app/controllers/server.go:15 +0x106
ToDo_app/app/controllers.top({0x7ff7b04394b0?, 0xc00011ea80?}, 0x0?)
	C:/Users/toyam/go/src/ToDo_app/app/controllers/route_main.go:10 +0x75
net/http.HandlerFunc.ServeHTTP(0x190c79ba7a8?, {0x7ff7b04394b0?, 0xc00011ea80?}, 0x7ff7afebe825?)
	C:/Users/toyam/go/src/net/http/server.go:2084 +0x2f
net/http.(*ServeMux).ServeHTTP(0x0?, {0x7ff7b04394b0, 0xc00011ea80}, 0xc000074800)
	C:/Users/toyam/go/src/net/http/server.go:2462 +0x149
net/http.serverHandler.ServeHTTP({0xc00002a600?}, {0x7ff7b04394b0, 0xc00011ea80}, 0xc000074800)
	C:/Users/toyam/go/src/net/http/server.go:2916 +0x43b
net/http.(*conn).serve(0xc000320280, {0x7ff7b0439798, 0xc0000c3620})
	C:/Users/toyam/go/src/net/http/server.go:1966 +0x5d7
created by net/http.(*Server).Serve
	C:/Users/toyam/go/src/net/http/server.go:3071 +0x4db
2022/06/10 18:17:14 server.go:3197: http: panic serving [::1]:57675: open app/views/templates/5s.html%!(EXTRA string=layout): The system cannot find the file specified.
goroutine 62 [running]:
net/http.(*conn).serve.func1()
	C:/Users/toyam/go/src/net/http/server.go:1825 +0xbf
panic({0x7ff7b0353500, 0xc00026a840})
	C:/Users/toyam/go/src/runtime/panic.go:844 +0x258
html/template.Must(...)
	C:/Users/toyam/go/src/html/template/template.go:374
ToDo_app/app/controllers.generateHTML({0x7ff7b04394b0?, 0xc00011eb60}, {0x7ff7b0331da0, 0x7ff7b0435a20}, {0xc0003959f0?, 0x2, 0x0?})
	C:/Users/toyam/go/src/ToDo_app/app/controllers/server.go:15 +0x106
ToDo_app/app/controllers.top({0x7ff7b04394b0?, 0xc00011eb60?}, 0x0?)
	C:/Users/toyam/go/src/ToDo_app/app/controllers/route_main.go:10 +0x75
net/http.HandlerFunc.ServeHTTP(0x190c79b0ee8?, {0x7ff7b04394b0?, 0xc00011eb60?}, 0x7ff7afebe825?)
	C:/Users/toyam/go/src/net/http/server.go:2084 +0x2f
net/http.(*ServeMux).ServeHTTP(0x0?, {0x7ff7b04394b0, 0xc00011eb60}, 0xc000115400)
	C:/Users/toyam/go/src/net/http/server.go:2462 +0x149
net/http.serverHandler.ServeHTTP({0xc00026a780?}, {0x7ff7b04394b0, 0xc00011eb60}, 0xc000115400)
	C:/Users/toyam/go/src/net/http/server.go:2916 +0x43b
net/http.(*conn).serve(0xc000320320, {0x7ff7b0439798, 0xc0000c3620})
	C:/Users/toyam/go/src/net/http/server.go:1966 +0x5d7
created by net/http.(*Server).Serve
	C:/Users/toyam/go/src/net/http/server.go:3071 +0x4db
2022/06/10 18:17:14 server.go:3197: http: panic serving [::1]:57676: open app/views/templates/5s.html%!(EXTRA string=layout): The system cannot find the file specified.
goroutine 78 [running]:
net/http.(*conn).serve.func1()
	C:/Users/toyam/go/src/net/http/server.go:1825 +0xbf
panic({0x7ff7b0353500, 0xc00026aa20})
	C:/Users/toyam/go/src/runtime/panic.go:844 +0x258
html/template.Must(...)
	C:/Users/toyam/go/src/html/template/template.go:374
ToDo_app/app/controllers.generateHTML({0x7ff7b04394b0?, 0xc00011ec40}, {0x7ff7b0331da0, 0x7ff7b0435a20}, {0xc0003959f0?, 0x2, 0x0?})
	C:/Users/toyam/go/src/ToDo_app/app/controllers/server.go:15 +0x106
ToDo_app/app/controllers.top({0x7ff7b04394b0?, 0xc00011ec40?}, 0x0?)
	C:/Users/toyam/go/src/ToDo_app/app/controllers/route_main.go:10 +0x75
net/http.HandlerFunc.ServeHTTP(0x190c79ba7a8?, {0x7ff7b04394b0?, 0xc00011ec40?}, 0x7ff7afebe825?)
	C:/Users/toyam/go/src/net/http/server.go:2084 +0x2f
net/http.(*ServeMux).ServeHTTP(0x0?, {0x7ff7b04394b0, 0xc00011ec40}, 0xc000115600)
	C:/Users/toyam/go/src/net/http/server.go:2462 +0x149
net/http.serverHandler.ServeHTTP({0xc00026a900?}, {0x7ff7b04394b0, 0xc00011ec40}, 0xc000115600)
	C:/Users/toyam/go/src/net/http/server.go:2916 +0x43b
net/http.(*conn).serve(0xc0000a3c20, {0x7ff7b0439798, 0xc0000c3620})
	C:/Users/toyam/go/src/net/http/server.go:1966 +0x5d7
created by net/http.(*Server).Serve
	C:/Users/toyam/go/src/net/http/server.go:3071 +0x4db
2022/06/10 18:17:14 server.go:3197: http: panic serving [::1]:57677: open app/views/templates/5s.html%!(EXTRA string=layout): The system cannot find the file specified.
goroutine 79 [running]:
net/http.(*conn).serve.func1()
	C:/Users/toyam/go/src/net/http/server.go:1825 +0xbf
panic({0x7ff7b0353500, 0xc00002a120})
	C:/Users/toyam/go/src/runtime/panic.go:844 +0x258
html/template.Must(...)
	C:/Users/toyam/go/src/html/template/template.go:374
ToDo_app/app/controllers.generateHTML({0x7ff7b04394b0?, 0xc00011e0e0}, {0x7ff7b0331da0, 0x7ff7b0435a20}, {0xc0001279f0?, 0x2, 0x0?})
	C:/Users/toyam/go/src/ToDo_app/app/controllers/server.go:15 +0x106
ToDo_app/app/controllers.top({0x7ff7b04394b0?, 0xc00011e0e0?}, 0x0?)
	C:/Users/toyam/go/src/ToDo_app/app/controllers/route_main.go:10 +0x75
net/http.HandlerFunc.ServeHTTP(0x190c79ba6b8?, {0x7ff7b04394b0?, 0xc00011e0e0?}, 0x7ff7afebe825?)
	C:/Users/toyam/go/src/net/http/server.go:2084 +0x2f
net/http.(*ServeMux).ServeHTTP(0x0?, {0x7ff7b04394b0, 0xc00011e0e0}, 0xc000074900)
	C:/Users/toyam/go/src/net/http/server.go:2462 +0x149
net/http.serverHandler.ServeHTTP({0xc00002a660?}, {0x7ff7b04394b0, 0xc00011e0e0}, 0xc000074900)
	C:/Users/toyam/go/src/net/http/server.go:2916 +0x43b
net/http.(*conn).serve(0xc0000a3cc0, {0x7ff7b0439798, 0xc0000c3620})
	C:/Users/toyam/go/src/net/http/server.go:1966 +0x5d7
created by net/http.(*Server).Serve
	C:/Users/toyam/go/src/net/http/server.go:3071 +0x4db
2022/06/10 18:17:14 server.go:3197: http: panic serving [::1]:57678: open app/views/templates/5s.html%!(EXTRA string=layout): The system cannot find the file specified.
goroutine 84 [running]:
net/http.(*conn).serve.func1()
	C:/Users/toyam/go/src/net/http/server.go:1825 +0xbf
panic({0x7ff7b0353500, 0xc00002a2a0})
	C:/Users/toyam/go/src/runtime/panic.go:844 +0x258
html/template.Must(...)
	C:/Users/toyam/go/src/html/template/template.go:374
ToDo_app/app/controllers.generateHTML({0x7ff7b04394b0?, 0xc00011e1c0}, {0x7ff7b0331da0, 0x7ff7b0435a20}, {0xc0005199f0?, 0x2, 0x0?})
	C:/Users/toyam/go/src/ToDo_app/app/controllers/server.go:15 +0x106
ToDo_app/app/controllers.top({0x7ff7b04394b0?, 0xc00011e1c0?}, 0x0?)
	C:/Users/toyam/go/src/ToDo_app/app/controllers/route_main.go:10 +0x75
net/http.HandlerFunc.ServeHTTP(0x190c79ba6b8?, {0x7ff7b04394b0?, 0xc00011e1c0?}, 0x7ff7afebe825?)
	C:/Users/toyam/go/src/net/http/server.go:2084 +0x2f
net/http.(*ServeMux).ServeHTTP(0x0?, {0x7ff7b04394b0, 0xc00011e1c0}, 0xc000074100)
	C:/Users/toyam/go/src/net/http/server.go:2462 +0x149
net/http.serverHandler.ServeHTTP({0xc00002a1b0?}, {0x7ff7b04394b0, 0xc00011e1c0}, 0xc000074100)
	C:/Users/toyam/go/src/net/http/server.go:2916 +0x43b
net/http.(*conn).serve(0xc0000a2000, {0x7ff7b0439798, 0xc0000c3620})
	C:/Users/toyam/go/src/net/http/server.go:1966 +0x5d7
created by net/http.(*Server).Serve
	C:/Users/toyam/go/src/net/http/server.go:3071 +0x4db
2022/06/10 18:17:19 server.go:3197: http: panic serving [::1]:57679: open app/views/templates/5s.html%!(EXTRA string=layout): The system cannot find the file specified.
goroutine 85 [running]:
net/http.(*conn).serve.func1()
	C:/Users/toyam/go/src/net/http/server.go:1825 +0xbf
panic({0x7ff7b0353500, 0xc000312090})
	C:/Users/toyam/go/src/runtime/panic.go:844 +0x258
html/template.Must(...)
	C:/Users/toyam/go/src/html/template/template.go:374
ToDo_app/app/controllers.generateHTML({0x7ff7b04394b0?, 0xc00006e000}, {0x7ff7b0331da0, 0x7ff7b0435a20}, {0xc00051b9f0?, 0x2, 0x0?})
	C:/Users/toyam/go/src/ToDo_app/app/controllers/server.go:15 +0x106
ToDo_app/app/controllers.top({0x7ff7b04394b0?, 0xc00006e000?}, 0x0?)
	C:/Users/toyam/go/src/ToDo_app/app/controllers/route_main.go:10 +0x75
net/http.HandlerFunc.ServeHTTP(0x190c79ba6b8?, {0x7ff7b04394b0?, 0xc00006e000?}, 0x7ff7afebe825?)
	C:/Users/toyam/go/src/net/http/server.go:2084 +0x2f
net/http.(*ServeMux).ServeHTTP(0x0?, {0x7ff7b04394b0, 0xc00006e000}, 0xc000074300)
	C:/Users/toyam/go/src/net/http/server.go:2462 +0x149
net/http.serverHandler.ServeHTTP({0xc00002a300?}, {0x7ff7b04394b0, 0xc00006e000}, 0xc000074300)
	C:/Users/toyam/go/src/net/http/server.go:2916 +0x43b
net/http.(*conn).serve(0xc0000a2320, {0x7ff7b0439798, 0xc0000c3620})
	C:/Users/toyam/go/src/net/http/server.go:1966 +0x5d7
created by net/http.(*Server).Serve
	C:/Users/toyam/go/src/net/http/server.go:3071 +0x4db
2022/06/10 18:17:20 server.go:3197: http: panic serving [::1]:57680: open app/views/templates/5s.html%!(EXTRA string=layout): The system cannot find the file specified.
goroutine 14 [running]:
net/http.(*conn).serve.func1()
	C:/Users/toyam/go/src/net/http/server.go:1825 +0xbf
panic({0x7ff7b0353500, 0xc000312180})
	C:/Users/toyam/go/src/runtime/panic.go:844 +0x258
html/template.Must(...)
	C:/Users/toyam/go/src/html/template/template.go:374
ToDo_app/app/controllers.generateHTML({0x7ff7b04394b0?, 0xc00006e0e0}, {0x7ff7b0331da0, 0x7ff7b0435a20}, {0xc0005199f0?, 0x2, 0x0?})
	C:/Users/toyam/go/src/ToDo_app/app/controllers/server.go:15 +0x106
ToDo_app/app/controllers.top({0x7ff7b04394b0?, 0xc00006e0e0?}, 0x0?)
	C:/Users/toyam/go/src/ToDo_app/app/controllers/route_main.go:10 +0x75
net/http.HandlerFunc.ServeHTTP(0x190c79ba7a8?, {0x7ff7b04394b0?, 0xc00006e0e0?}, 0x7ff7afebe825?)
	C:/Users/toyam/go/src/net/http/server.go:2084 +0x2f
net/http.(*ServeMux).ServeHTTP(0x0?, {0x7ff7b04394b0, 0xc00006e0e0}, 0xc000318000)
	C:/Users/toyam/go/src/net/http/server.go:2462 +0x149
net/http.serverHandler.ServeHTTP({0xc000188150?}, {0x7ff7b04394b0, 0xc00006e0e0}, 0xc000318000)
	C:/Users/toyam/go/src/net/http/server.go:2916 +0x43b
net/http.(*conn).serve(0xc0002ec000, {0x7ff7b0439798, 0xc0000c3620})
	C:/Users/toyam/go/src/net/http/server.go:1966 +0x5d7
created by net/http.(*Server).Serve
	C:/Users/toyam/go/src/net/http/server.go:3071 +0x4db
2022/06/10 18:17:20 server.go:3197: http: panic serving [::1]:57681: open app/views/templates/5s.html%!(EXTRA string=layout): The system cannot find the file specified.
goroutine 41 [running]:
net/http.(*conn).serve.func1()
	C:/Users/toyam/go/src/net/http/server.go:1825 +0xbf
panic({0x7ff7b0353500, 0xc000188270})
	C:/Users/toyam/go/src/runtime/panic.go:844 +0x258
html/template.Must(...)
	C:/Users/toyam/go/src/html/template/template.go:374
ToDo_app/app/controllers.generateHTML({0x7ff7b04394b0?, 0xc00052a000}, {0x7ff7b0331da0, 0x7ff7b0435a20}, {0xc0005199f0?, 0x2, 0x0?})
	C:/Users/toyam/go/src/ToDo_app/app/controllers/server.go:15 +0x106
ToDo_app/app/controllers.top({0x7ff7b04394b0?, 0xc00052a000?}, 0x0?)
	C:/Users/toyam/go/src/ToDo_app/app/controllers/route_main.go:10 +0x75
net/http.HandlerFunc.ServeHTTP(0x190c79ba7a8?, {0x7ff7b04394b0?, 0xc00052a000?}, 0x7ff7afebe825?)
	C:/Users/toyam/go/src/net/http/server.go:2084 +0x2f
net/http.(*ServeMux).ServeHTTP(0x0?, {0x7ff7b04394b0, 0xc00052a000}, 0xc000318100)
	C:/Users/toyam/go/src/net/http/server.go:2462 +0x149
net/http.serverHandler.ServeHTTP({0xc0001881b0?}, {0x7ff7b04394b0, 0xc00052a000}, 0xc000318100)
	C:/Users/toyam/go/src/net/http/server.go:2916 +0x43b
net/http.(*conn).serve(0xc0000e2000, {0x7ff7b0439798, 0xc0000c3620})
	C:/Users/toyam/go/src/net/http/server.go:1966 +0x5d7
created by net/http.(*Server).Serve
	C:/Users/toyam/go/src/net/http/server.go:3071 +0x4db
2022/06/10 18:17:50 server.go:3197: http: panic serving [::1]:57683: open app/views/templates/5s.html%!(EXTRA string=layout): The system cannot find the file specified.
goroutine 87 [running]:
net/http.(*conn).serve.func1()
	C:/Users/toyam/go/src/net/http/server.go:1825 +0xbf
panic({0x7ff7b0353500, 0xc00002a600})
	C:/Users/toyam/go/src/runtime/panic.go:844 +0x258
html/template.Must(...)
	C:/Users/toyam/go/src/html/template/template.go:374
ToDo_app/app/controllers.generateHTML({0x7ff7b04394b0?, 0xc00011e2a0}, {0x7ff7b0331da0, 0x7ff7b0435a20}, {0xc0005199f0?, 0x2, 0x0?})
	C:/Users/toyam/go/src/ToDo_app/app/controllers/server.go:15 +0x106
ToDo_app/app/controllers.top({0x7ff7b04394b0?, 0xc00011e2a0?}, 0x0?)
	C:/Users/toyam/go/src/ToDo_app/app/controllers/route_main.go:10 +0x75
net/http.HandlerFunc.ServeHTTP(0x190c79ba7a8?, {0x7ff7b04394b0?, 0xc00011e2a0?}, 0x7ff7afebe825?)
	C:/Users/toyam/go/src/net/http/server.go:2084 +0x2f
net/http.(*ServeMux).ServeHTTP(0x0?, {0x7ff7b04394b0, 0xc00011e2a0}, 0xc000074400)
	C:/Users/toyam/go/src/net/http/server.go:2462 +0x149
net/http.serverHandler.ServeHTTP({0xc00002a420?}, {0x7ff7b04394b0, 0xc00011e2a0}, 0xc000074400)
	C:/Users/toyam/go/src/net/http/server.go:2916 +0x43b
net/http.(*conn).serve(0xc0000a2f00, {0x7ff7b0439798, 0xc0000c3620})
	C:/Users/toyam/go/src/net/http/server.go:1966 +0x5d7
created by net/http.(*Server).Serve
	C:/Users/toyam/go/src/net/http/server.go:3071 +0x4db
2022/06/10 18:17:50 server.go:3197: http: panic serving [::1]:57684: open app/views/templates/5s.html%!(EXTRA string=layout): The system cannot find the file specified.
goroutine 15 [running]:
net/http.(*conn).serve.func1()
	C:/Users/toyam/go/src/net/http/server.go:1825 +0xbf
panic({0x7ff7b0353500, 0xc00002a750})
	C:/Users/toyam/go/src/runtime/panic.go:844 +0x258
html/template.Must(...)
	C:/Users/toyam/go/src/html/template/template.go:374
ToDo_app/app/controllers.generateHTML({0x7ff7b04394b0?, 0xc00011e380}, {0x7ff7b0331da0, 0x7ff7b0435a20}, {0xc0003999f0?, 0x2, 0x0?})
	C:/Users/toyam/go/src/ToDo_app/app/controllers/server.go:15 +0x106
ToDo_app/app/controllers.top({0x7ff7b04394b0?, 0xc00011e380?}, 0x0?)
	C:/Users/toyam/go/src/ToDo_app/app/controllers/route_main.go:10 +0x75
net/http.HandlerFunc.ServeHTTP(0x190c79ba6b8?, {0x7ff7b04394b0?, 0xc00011e380?}, 0x7ff7afebe825?)
	C:/Users/toyam/go/src/net/http/server.go:2084 +0x2f
net/http.(*ServeMux).ServeHTTP(0x0?, {0x7ff7b04394b0, 0xc00011e380}, 0xc000074500)
	C:/Users/toyam/go/src/net/http/server.go:2462 +0x149
net/http.serverHandler.ServeHTTP({0xc00002a510?}, {0x7ff7b04394b0, 0xc00011e380}, 0xc000074500)
	C:/Users/toyam/go/src/net/http/server.go:2916 +0x43b
net/http.(*conn).serve(0xc0002ec0a0, {0x7ff7b0439798, 0xc0000c3620})
	C:/Users/toyam/go/src/net/http/server.go:1966 +0x5d7
created by net/http.(*Server).Serve
	C:/Users/toyam/go/src/net/http/server.go:3071 +0x4db
2022/06/10 18:17:50 server.go:3197: http: panic serving [::1]:57685: open app/views/templates/5s.html%!(EXTRA string=layout): The system cannot find the file specified.
goroutine 99 [running]:
net/http.(*conn).serve.func1()
	C:/Users/toyam/go/src/net/http/server.go:1825 +0xbf
panic({0x7ff7b0353500, 0xc000312360})
	C:/Users/toyam/go/src/runtime/panic.go:844 +0x258
html/template.Must(...)
	C:/Users/toyam/go/src/html/template/template.go:374
ToDo_app/app/controllers.generateHTML({0x7ff7b04394b0?, 0xc00006e1c0}, {0x7ff7b0331da0, 0x7ff7b0435a20}, {0xc0003999f0?, 0x2, 0x0?})
	C:/Users/toyam/go/src/ToDo_app/app/controllers/server.go:15 +0x106
ToDo_app/app/controllers.top({0x7ff7b04394b0?, 0xc00006e1c0?}, 0x0?)
	C:/Users/toyam/go/src/ToDo_app/app/controllers/route_main.go:10 +0x75
net/http.HandlerFunc.ServeHTTP(0x190c79ba6b8?, {0x7ff7b04394b0?, 0xc00006e1c0?}, 0x7ff7afebe825?)
	C:/Users/toyam/go/src/net/http/server.go:2084 +0x2f
net/http.(*ServeMux).ServeHTTP(0x0?, {0x7ff7b04394b0, 0xc00006e1c0}, 0xc000114000)
	C:/Users/toyam/go/src/net/http/server.go:2462 +0x149
net/http.serverHandler.ServeHTTP({0xc0003122a0?}, {0x7ff7b04394b0, 0xc00006e1c0}, 0xc000114000)
	C:/Users/toyam/go/src/net/http/server.go:2916 +0x43b
net/http.(*conn).serve(0xc0002ec140, {0x7ff7b0439798, 0xc0000c3620})
	C:/Users/toyam/go/src/net/http/server.go:1966 +0x5d7
created by net/http.(*Server).Serve
	C:/Users/toyam/go/src/net/http/server.go:3071 +0x4db
2022/06/13 15:59:02 route_main.go:25: near "id": syntax error
2022/06/13 16:00:25 route_main.go:25: near "id": syntax error
2022/06/13 16:00:40 route_main.go:25: near "id": syntax error
2022/06/13 16:28:46 route_main.go:25: sql: expected 4 destination arguments in Scan, not 5
2022/06/13 16:28:47 route_main.go:25: sql: expected 4 destination arguments in Scan, not 5
2022/06/13 16:28:47 route_main.go:25: sql: expected 4 destination arguments in Scan, not 5
2022/06/13 16:28:48 route_main.go:25: sql: expected 4 destination arguments in Scan, not 5
